2025-03-11 14:45:54 - INFO - Logboek is geconfigureerd.
2025-03-11 14:45:58 - INFO - Order verwerken in BigQuery
2025-03-11 14:45:58 - INFO - Table orders in dataset woocommerce gevonden.
2025-03-11 14:46:00 - INFO - Query uitgevoerd
2025-03-11 14:46:06 - INFO - Update uitgevoerd voor order ID 107945
2025-03-11 14:46:06 - INFO - Order verwerken in BigQuery
2025-03-11 14:46:06 - INFO - Table orders in dataset woocommerce gevonden.
2025-03-11 14:46:10 - INFO - Query uitgevoerd
2025-03-11 14:46:14 - INFO - Update uitgevoerd voor order ID 107937
2025-03-11 14:46:14 - INFO - Order verwerken in BigQuery
2025-03-11 14:46:15 - INFO - Table orders in dataset woocommerce gevonden.
2025-03-11 14:46:18 - INFO - Query uitgevoerd
2025-03-11 14:46:24 - INFO - Update uitgevoerd voor order ID 107936
2025-03-11 14:46:24 - INFO - Order verwerken in BigQuery
2025-03-11 14:46:24 - INFO - Table orders in dataset woocommerce gevonden.
2025-03-11 14:46:29 - INFO - Query uitgevoerd
2025-03-11 14:46:35 - INFO - Update uitgevoerd voor order ID 107932
2025-03-11 14:46:35 - INFO - Order verwerken in BigQuery
2025-03-11 14:46:35 - INFO - Table orders in dataset woocommerce gevonden.
2025-03-11 14:46:45 - INFO - Query uitgevoerd
2025-03-11 14:46:50 - INFO - Update uitgevoerd voor order ID 107925
2025-03-11 14:46:50 - INFO - Order verwerken in BigQuery
2025-03-11 14:46:50 - INFO - Table orders in dataset woocommerce gevonden.
2025-03-11 14:47:20 - INFO - Query uitgevoerd
2025-03-11 14:47:25 - INFO - Update uitgevoerd voor order ID 107923
2025-03-11 14:47:25 - INFO - Order verwerken in BigQuery
2025-03-11 14:47:26 - INFO - Table orders in dataset woocommerce gevonden.
2025-03-11 14:47:33 - INFO - Query uitgevoerd
2025-03-11 14:47:33 - ERROR - Script mislukt: 400 Syntax error: Expected end of input but got identifier "s" at [13:30]; reason: invalidQuery, location: query, message: Syntax error: Expected end of input but got identifier "s" at [13:30]

Location: US
Job ID: 557a6fb9-540a-4c94-b987-cd1c764f0049

2025-03-11 14:47:33 - INFO - Script ended in 0:01:39
2025-03-11 15:05:07 - INFO - Logboek is geconfigureerd.
2025-03-11 15:05:17 - INFO - Order verwerken in BigQuery
2025-03-11 15:05:17 - INFO - Table orders in dataset woocommerce gevonden.
2025-03-11 15:05:19 - INFO - Query uitgevoerd
2025-03-11 15:05:25 - INFO - Update uitgevoerd voor order ID 107945
2025-03-11 15:05:25 - INFO - Order verwerken in BigQuery
2025-03-11 15:05:25 - INFO - Table orders in dataset woocommerce gevonden.
2025-03-11 15:05:27 - INFO - Query uitgevoerd
2025-03-11 15:05:33 - INFO - Update uitgevoerd voor order ID 107937
2025-03-11 15:05:33 - INFO - Order verwerken in BigQuery
2025-03-11 15:05:34 - INFO - Table orders in dataset woocommerce gevonden.
2025-03-11 15:05:36 - INFO - Query uitgevoerd
2025-03-11 15:05:42 - INFO - Update uitgevoerd voor order ID 107936
2025-03-11 15:05:42 - INFO - Order verwerken in BigQuery
2025-03-11 15:05:43 - INFO - Table orders in dataset woocommerce gevonden.
2025-03-11 15:05:44 - INFO - Query uitgevoerd
2025-03-11 15:05:49 - INFO - Update uitgevoerd voor order ID 107932
2025-03-11 15:05:49 - INFO - Order verwerken in BigQuery
2025-03-11 15:05:50 - INFO - Table orders in dataset woocommerce gevonden.
2025-03-11 15:05:51 - INFO - Query uitgevoerd
2025-03-11 15:05:57 - INFO - Update uitgevoerd voor order ID 107925
2025-03-11 15:05:57 - INFO - Order verwerken in BigQuery
2025-03-11 15:05:57 - INFO - Table orders in dataset woocommerce gevonden.
2025-03-11 15:05:59 - INFO - Query uitgevoerd
2025-03-11 15:06:05 - INFO - Update uitgevoerd voor order ID 107923
2025-03-11 15:06:05 - INFO - Order verwerken in BigQuery
2025-03-11 15:06:05 - INFO - Table orders in dataset woocommerce gevonden.
2025-03-11 15:06:11 - INFO - Query uitgevoerd
2025-03-11 15:06:11 - ERROR - Script mislukt: 400 Syntax error: Expected end of input but got identifier "s" at [13:30]; reason: invalidQuery, location: query, message: Syntax error: Expected end of input but got identifier "s" at [13:30]

Location: US
Job ID: ab50cbdb-2a49-4ba3-aad6-97718c142d69

2025-03-11 15:06:11 - INFO - Script ended in 0:01:04
2025-03-11 15:12:17 - INFO - Logboek is geconfigureerd.
2025-03-11 15:12:23 - INFO - Order verwerken in BigQuery
2025-03-11 15:12:24 - INFO - Table orders in dataset woocommerce gevonden.
2025-03-11 15:12:26 - INFO - Query uitgevoerd
2025-03-11 15:12:33 - INFO - Update uitgevoerd voor order ID 107945
2025-03-11 15:12:33 - INFO - Order verwerken in BigQuery
2025-03-11 15:12:33 - INFO - Table orders in dataset woocommerce gevonden.
2025-03-11 15:12:35 - INFO - Query uitgevoerd
2025-03-11 15:12:41 - INFO - Update uitgevoerd voor order ID 107937
2025-03-11 15:12:41 - INFO - Order verwerken in BigQuery
2025-03-11 15:12:41 - INFO - Table orders in dataset woocommerce gevonden.
2025-03-11 15:12:44 - INFO - Query uitgevoerd
2025-03-11 15:12:50 - INFO - Update uitgevoerd voor order ID 107936
2025-03-11 15:12:50 - INFO - Order verwerken in BigQuery
2025-03-11 15:12:50 - INFO - Table orders in dataset woocommerce gevonden.
2025-03-11 15:12:52 - INFO - Query uitgevoerd
2025-03-11 15:12:58 - INFO - Update uitgevoerd voor order ID 107932
2025-03-11 15:12:58 - INFO - Order verwerken in BigQuery
2025-03-11 15:12:59 - INFO - Table orders in dataset woocommerce gevonden.
2025-03-11 15:13:01 - INFO - Query uitgevoerd
2025-03-11 15:13:07 - INFO - Update uitgevoerd voor order ID 107925
2025-03-11 15:13:07 - INFO - Order verwerken in BigQuery
2025-03-11 15:13:07 - INFO - Table orders in dataset woocommerce gevonden.
2025-03-11 15:13:09 - INFO - Query uitgevoerd
2025-03-11 15:13:15 - INFO - Update uitgevoerd voor order ID 107923
2025-03-11 15:13:15 - INFO - Order verwerken in BigQuery
2025-03-11 15:13:16 - INFO - Table orders in dataset woocommerce gevonden.
2025-03-11 15:13:18 - INFO - Query uitgevoerd
2025-03-11 15:13:18 - ERROR - Script mislukt: 400 Syntax error: Expected end of input but got identifier "s" at [13:30]; reason: invalidQuery, location: query, message: Syntax error: Expected end of input but got identifier "s" at [13:30]

Location: US
Job ID: 0b903a74-5b4c-4ad9-b7e7-59920bde8e3f

2025-03-11 15:13:18 - INFO - Script ended in 0:01:01
2025-03-11 15:17:33 - INFO - Logboek is geconfigureerd.
2025-03-11 15:17:42 - INFO - Order verwerken in BigQuery
2025-03-11 15:17:43 - INFO - Table orders in dataset woocommerce gevonden.
2025-03-11 15:17:49 - INFO - Query uitgevoerd
2025-03-11 15:17:55 - INFO - Update uitgevoerd voor order ID 107945
2025-03-11 15:17:55 - INFO - Order verwerken in BigQuery
2025-03-11 15:17:55 - INFO - Table orders in dataset woocommerce gevonden.
2025-03-11 15:17:58 - INFO - Query uitgevoerd
2025-03-11 15:18:02 - INFO - Update uitgevoerd voor order ID 107937
2025-03-11 15:18:02 - INFO - Order verwerken in BigQuery
2025-03-11 15:18:03 - INFO - Table orders in dataset woocommerce gevonden.
2025-03-11 15:18:05 - INFO - Query uitgevoerd
2025-03-11 15:18:10 - INFO - Update uitgevoerd voor order ID 107936
2025-03-11 15:18:10 - INFO - Order verwerken in BigQuery
2025-03-11 15:18:11 - INFO - Table orders in dataset woocommerce gevonden.
2025-03-11 15:18:14 - INFO - Query uitgevoerd
2025-03-11 15:18:19 - INFO - Update uitgevoerd voor order ID 107932
2025-03-11 15:18:19 - INFO - Order verwerken in BigQuery
2025-03-11 15:18:20 - INFO - Table orders in dataset woocommerce gevonden.
2025-03-11 15:18:22 - INFO - Query uitgevoerd
2025-03-11 15:18:29 - INFO - Update uitgevoerd voor order ID 107925
2025-03-11 15:18:29 - INFO - Order verwerken in BigQuery
2025-03-11 15:18:29 - INFO - Table orders in dataset woocommerce gevonden.
2025-03-11 15:18:32 - INFO - Query uitgevoerd
2025-03-11 15:18:37 - INFO - Update uitgevoerd voor order ID 107923
2025-03-11 15:18:37 - INFO - Order verwerken in BigQuery
2025-03-11 15:18:38 - INFO - Table orders in dataset woocommerce gevonden.
2025-03-11 15:18:39 - INFO - Query uitgevoerd
2025-03-11 15:18:45 - INFO - Update uitgevoerd voor order ID 107914
2025-03-11 15:18:45 - INFO - Order verwerken in BigQuery
2025-03-11 15:18:45 - INFO - Table orders in dataset woocommerce gevonden.
2025-03-11 15:18:47 - INFO - Query uitgevoerd
2025-03-11 15:18:52 - INFO - Update uitgevoerd voor order ID 107907
2025-03-11 15:18:52 - INFO - Order verwerken in BigQuery
2025-03-11 15:18:52 - INFO - Table orders in dataset woocommerce gevonden.
2025-03-11 15:18:58 - INFO - Query uitgevoerd
2025-03-11 15:19:03 - INFO - Update uitgevoerd voor order ID 107906
2025-03-11 15:19:03 - INFO - Order verwerken in BigQuery
2025-03-11 15:19:03 - INFO - Table orders in dataset woocommerce gevonden.
2025-03-11 15:19:06 - INFO - Query uitgevoerd
2025-03-11 15:19:11 - INFO - Update uitgevoerd voor order ID 107905
2025-03-11 15:19:11 - INFO - Order verwerken in BigQuery
2025-03-11 15:19:12 - INFO - Table orders in dataset woocommerce gevonden.
2025-03-11 15:19:13 - INFO - Query uitgevoerd
2025-03-11 15:19:19 - INFO - Update uitgevoerd voor order ID 107904
2025-03-11 15:19:19 - INFO - Order verwerken in BigQuery
2025-03-11 15:19:19 - INFO - Table orders in dataset woocommerce gevonden.
2025-03-11 15:19:21 - INFO - Query uitgevoerd
2025-03-11 15:19:27 - INFO - Update uitgevoerd voor order ID 107903
2025-03-11 15:19:27 - INFO - Order verwerken in BigQuery
2025-03-11 15:19:28 - INFO - Table orders in dataset woocommerce gevonden.
2025-03-11 15:19:30 - INFO - Query uitgevoerd
2025-03-11 15:19:35 - INFO - Update uitgevoerd voor order ID 107901
2025-03-11 15:19:35 - INFO - Order verwerken in BigQuery
2025-03-11 15:19:36 - INFO - Table orders in dataset woocommerce gevonden.
2025-03-11 15:19:38 - INFO - Query uitgevoerd
2025-03-11 15:19:44 - INFO - Update uitgevoerd voor order ID 107900
2025-03-11 15:19:44 - INFO - Order verwerken in BigQuery
2025-03-11 15:19:45 - INFO - Table orders in dataset woocommerce gevonden.
2025-03-11 15:19:46 - INFO - Query uitgevoerd
2025-03-11 15:19:51 - INFO - Update uitgevoerd voor order ID 107899
2025-03-11 15:19:51 - INFO - Order verwerken in BigQuery
2025-03-11 15:19:51 - INFO - Table orders in dataset woocommerce gevonden.
2025-03-11 15:19:53 - INFO - Query uitgevoerd
2025-03-11 15:20:00 - INFO - Update uitgevoerd voor order ID 107898
2025-03-11 15:20:00 - INFO - Order verwerken in BigQuery
2025-03-11 15:20:00 - INFO - Table orders in dataset woocommerce gevonden.
2025-03-11 15:20:11 - INFO - Query uitgevoerd
2025-03-11 15:20:16 - INFO - Update uitgevoerd voor order ID 107896
2025-03-11 15:20:16 - INFO - Order verwerken in BigQuery
2025-03-11 15:20:16 - INFO - Table orders in dataset woocommerce gevonden.
2025-03-11 15:20:25 - INFO - Query uitgevoerd
2025-03-11 15:20:31 - INFO - Update uitgevoerd voor order ID 107895
2025-03-11 15:20:31 - INFO - Order verwerken in BigQuery
2025-03-11 15:20:31 - INFO - Table orders in dataset woocommerce gevonden.
2025-03-11 15:20:34 - INFO - Query uitgevoerd
2025-03-11 15:20:40 - INFO - Update uitgevoerd voor order ID 107894
2025-03-11 15:20:40 - INFO - Order verwerken in BigQuery
2025-03-11 15:20:40 - INFO - Table orders in dataset woocommerce gevonden.
2025-03-11 15:20:43 - INFO - Query uitgevoerd
2025-03-11 15:20:48 - INFO - Update uitgevoerd voor order ID 107893
2025-03-11 15:20:48 - INFO - Order verwerken in BigQuery
2025-03-11 15:20:49 - INFO - Table orders in dataset woocommerce gevonden.
2025-03-11 15:20:51 - INFO - Query uitgevoerd
2025-03-11 15:20:56 - INFO - Update uitgevoerd voor order ID 107892
2025-03-11 15:20:56 - INFO - Order verwerken in BigQuery
2025-03-11 15:20:56 - INFO - Table orders in dataset woocommerce gevonden.
2025-03-11 15:20:58 - INFO - Query uitgevoerd
2025-03-11 15:21:03 - INFO - Update uitgevoerd voor order ID 107891
2025-03-11 15:21:03 - INFO - Order verwerken in BigQuery
2025-03-11 15:21:03 - INFO - Table orders in dataset woocommerce gevonden.
2025-03-11 15:21:06 - INFO - Query uitgevoerd
2025-03-11 15:21:11 - INFO - Update uitgevoerd voor order ID 107890
2025-03-11 15:21:11 - INFO - Order verwerken in BigQuery
2025-03-11 15:21:11 - INFO - Table orders in dataset woocommerce gevonden.
2025-03-11 15:21:13 - INFO - Query uitgevoerd
2025-03-11 15:21:19 - INFO - Update uitgevoerd voor order ID 107888
2025-03-11 15:21:19 - INFO - Order verwerken in BigQuery
2025-03-11 15:21:19 - INFO - Table orders in dataset woocommerce gevonden.
2025-03-11 15:21:21 - INFO - Query uitgevoerd
2025-03-11 15:21:26 - INFO - Update uitgevoerd voor order ID 107887
2025-03-11 15:21:26 - INFO - Order verwerken in BigQuery
2025-03-11 15:21:27 - INFO - Table orders in dataset woocommerce gevonden.
2025-03-11 15:21:28 - INFO - Query uitgevoerd
2025-03-11 15:21:34 - INFO - Update uitgevoerd voor order ID 107886
2025-03-11 15:21:34 - INFO - Order verwerken in BigQuery
2025-03-11 15:21:34 - INFO - Table orders in dataset woocommerce gevonden.
2025-03-11 15:21:36 - INFO - Query uitgevoerd
2025-03-11 15:21:41 - INFO - Update uitgevoerd voor order ID 107882
2025-03-11 15:21:41 - INFO - Order verwerken in BigQuery
2025-03-11 15:21:41 - INFO - Table orders in dataset woocommerce gevonden.
2025-03-11 15:21:43 - INFO - Query uitgevoerd
2025-03-11 15:21:48 - INFO - Update uitgevoerd voor order ID 107881
2025-03-11 15:21:48 - INFO - Order verwerken in BigQuery
2025-03-11 15:21:48 - INFO - Table orders in dataset woocommerce gevonden.
2025-03-11 15:21:50 - INFO - Query uitgevoerd
2025-03-11 15:21:55 - INFO - Update uitgevoerd voor order ID 107880
2025-03-11 15:21:55 - INFO - Order verwerken in BigQuery
2025-03-11 15:21:55 - INFO - Table orders in dataset woocommerce gevonden.
2025-03-11 15:21:57 - INFO - Query uitgevoerd
2025-03-11 15:22:02 - INFO - Update uitgevoerd voor order ID 107879
2025-03-11 15:22:02 - INFO - Order verwerken in BigQuery
2025-03-11 15:22:02 - INFO - Table orders in dataset woocommerce gevonden.
2025-03-11 15:22:04 - INFO - Query uitgevoerd
2025-03-11 15:22:09 - INFO - Update uitgevoerd voor order ID 107878
2025-03-11 15:22:09 - INFO - Order verwerken in BigQuery
2025-03-11 15:22:10 - INFO - Table orders in dataset woocommerce gevonden.
2025-03-11 15:22:11 - INFO - Query uitgevoerd
2025-03-11 15:22:16 - INFO - Update uitgevoerd voor order ID 107877
2025-03-11 15:22:16 - INFO - Order verwerken in BigQuery
2025-03-11 15:22:16 - INFO - Table orders in dataset woocommerce gevonden.
2025-03-11 15:22:18 - INFO - Query uitgevoerd
2025-03-11 15:22:23 - INFO - Update uitgevoerd voor order ID 107876
2025-03-11 15:22:23 - INFO - Order verwerken in BigQuery
2025-03-11 15:22:24 - INFO - Table orders in dataset woocommerce gevonden.
2025-03-11 15:22:25 - INFO - Query uitgevoerd
2025-03-11 15:22:30 - INFO - Update uitgevoerd voor order ID 107873
2025-03-11 15:22:30 - INFO - Order verwerken in BigQuery
2025-03-11 15:22:31 - INFO - Table orders in dataset woocommerce gevonden.
2025-03-11 15:22:32 - INFO - Query uitgevoerd
2025-03-11 15:22:37 - INFO - Update uitgevoerd voor order ID 107865
2025-03-11 15:22:37 - INFO - Order verwerken in BigQuery
2025-03-11 15:22:38 - INFO - Table orders in dataset woocommerce gevonden.
2025-03-11 15:22:41 - INFO - Query uitgevoerd
2025-03-11 15:22:46 - INFO - Update uitgevoerd voor order ID 107853
2025-03-11 15:22:47 - INFO - Order verwerken in BigQuery
2025-03-11 15:22:47 - INFO - Table orders in dataset woocommerce gevonden.
2025-03-11 15:22:50 - INFO - Query uitgevoerd
2025-03-11 15:22:55 - INFO - Update uitgevoerd voor order ID 107846
2025-03-11 15:22:55 - INFO - Order verwerken in BigQuery
2025-03-11 15:22:55 - INFO - Table orders in dataset woocommerce gevonden.
2025-03-11 15:22:57 - INFO - Query uitgevoerd
2025-03-11 15:23:02 - INFO - Update uitgevoerd voor order ID 107845
2025-03-11 15:23:02 - INFO - Order verwerken in BigQuery
2025-03-11 15:23:02 - INFO - Table orders in dataset woocommerce gevonden.
2025-03-11 15:23:04 - INFO - Query uitgevoerd
2025-03-11 15:23:09 - INFO - Update uitgevoerd voor order ID 107844
2025-03-11 15:23:09 - INFO - Order verwerken in BigQuery
2025-03-11 15:23:10 - INFO - Table orders in dataset woocommerce gevonden.
2025-03-11 15:23:11 - INFO - Query uitgevoerd
2025-03-11 15:23:16 - INFO - Update uitgevoerd voor order ID 107843
2025-03-11 15:23:16 - INFO - Order verwerken in BigQuery
2025-03-11 15:23:17 - INFO - Table orders in dataset woocommerce gevonden.
2025-03-11 15:23:18 - INFO - Query uitgevoerd
2025-03-11 15:23:23 - INFO - Update uitgevoerd voor order ID 107842
2025-03-11 15:23:23 - INFO - Order verwerken in BigQuery
2025-03-11 15:23:24 - INFO - Table orders in dataset woocommerce gevonden.
2025-03-11 15:23:25 - INFO - Query uitgevoerd
2025-03-11 15:23:34 - INFO - Update uitgevoerd voor order ID 107841
2025-03-11 15:23:34 - INFO - Order verwerken in BigQuery
2025-03-11 15:23:34 - INFO - Table orders in dataset woocommerce gevonden.
2025-03-11 15:23:36 - INFO - Query uitgevoerd
2025-03-11 15:23:40 - INFO - Update uitgevoerd voor order ID 107840
2025-03-11 15:23:40 - INFO - Order verwerken in BigQuery
2025-03-11 15:23:41 - INFO - Table orders in dataset woocommerce gevonden.
2025-03-11 15:23:42 - INFO - Query uitgevoerd
2025-03-11 15:23:47 - INFO - Update uitgevoerd voor order ID 107839
2025-03-11 15:23:47 - INFO - Order verwerken in BigQuery
2025-03-11 15:23:48 - INFO - Table orders in dataset woocommerce gevonden.
2025-03-11 15:23:50 - INFO - Query uitgevoerd
2025-03-11 15:23:55 - INFO - Update uitgevoerd voor order ID 107837
2025-03-11 15:23:55 - INFO - Order verwerken in BigQuery
2025-03-11 15:23:55 - INFO - Table orders in dataset woocommerce gevonden.
2025-03-11 15:23:58 - INFO - Query uitgevoerd
2025-03-11 15:24:03 - INFO - Update uitgevoerd voor order ID 107836
2025-03-11 15:24:03 - INFO - Order verwerken in BigQuery
2025-03-11 15:24:03 - INFO - Table orders in dataset woocommerce gevonden.
2025-03-11 15:24:05 - INFO - Query uitgevoerd
2025-03-11 15:24:09 - INFO - Update uitgevoerd voor order ID 107835
2025-03-11 15:24:09 - INFO - Order verwerken in BigQuery
2025-03-11 15:24:10 - INFO - Table orders in dataset woocommerce gevonden.
2025-03-11 15:24:12 - INFO - Query uitgevoerd
2025-03-11 15:24:17 - INFO - Update uitgevoerd voor order ID 107834
2025-03-11 15:24:17 - INFO - Order verwerken in BigQuery
2025-03-11 15:24:17 - INFO - Table orders in dataset woocommerce gevonden.
2025-03-11 15:24:19 - INFO - Query uitgevoerd
2025-03-11 15:24:24 - INFO - Update uitgevoerd voor order ID 107833
2025-03-11 15:24:24 - INFO - Order verwerken in BigQuery
2025-03-11 15:24:25 - INFO - Table orders in dataset woocommerce gevonden.
2025-03-11 15:24:26 - INFO - Query uitgevoerd
2025-03-11 15:24:31 - INFO - Update uitgevoerd voor order ID 107832
2025-03-11 15:24:31 - INFO - Order verwerken in BigQuery
2025-03-11 15:24:31 - INFO - Table orders in dataset woocommerce gevonden.
2025-03-11 15:24:33 - INFO - Query uitgevoerd
2025-03-11 15:24:38 - INFO - Update uitgevoerd voor order ID 107831
2025-03-11 15:24:38 - INFO - Order verwerken in BigQuery
2025-03-11 15:24:39 - INFO - Table orders in dataset woocommerce gevonden.
2025-03-11 15:24:40 - INFO - Query uitgevoerd
2025-03-11 15:24:45 - INFO - Update uitgevoerd voor order ID 107830
2025-03-11 15:24:45 - INFO - Order verwerken in BigQuery
2025-03-11 15:24:46 - INFO - Table orders in dataset woocommerce gevonden.
2025-03-11 15:24:47 - INFO - Query uitgevoerd
2025-03-11 15:24:52 - INFO - Update uitgevoerd voor order ID 107829
2025-03-11 15:24:52 - INFO - Order verwerken in BigQuery
2025-03-11 15:24:52 - INFO - Table orders in dataset woocommerce gevonden.
2025-03-11 15:24:54 - INFO - Query uitgevoerd
2025-03-11 15:24:58 - INFO - Update uitgevoerd voor order ID 107828
2025-03-11 15:24:58 - INFO - Order verwerken in BigQuery
2025-03-11 15:24:59 - INFO - Table orders in dataset woocommerce gevonden.
2025-03-11 15:25:00 - INFO - Query uitgevoerd
2025-03-11 15:25:06 - INFO - Update uitgevoerd voor order ID 107827
2025-03-11 15:25:06 - INFO - Order verwerken in BigQuery
2025-03-11 15:25:06 - INFO - Table orders in dataset woocommerce gevonden.
2025-03-11 15:25:10 - INFO - Query uitgevoerd
2025-03-11 15:25:15 - INFO - Update uitgevoerd voor order ID 107826
2025-03-11 15:25:15 - INFO - Order verwerken in BigQuery
2025-03-11 15:25:15 - INFO - Table orders in dataset woocommerce gevonden.
2025-03-11 15:25:17 - INFO - Query uitgevoerd
2025-03-11 15:25:22 - INFO - Update uitgevoerd voor order ID 107825
2025-03-11 15:25:23 - INFO - Order verwerken in BigQuery
2025-03-11 15:25:23 - INFO - Table orders in dataset woocommerce gevonden.
2025-03-11 15:25:25 - INFO - Query uitgevoerd
2025-03-11 15:25:30 - INFO - Update uitgevoerd voor order ID 107824
2025-03-11 15:25:30 - INFO - Order verwerken in BigQuery
2025-03-11 15:25:30 - INFO - Table orders in dataset woocommerce gevonden.
2025-03-11 15:25:32 - INFO - Query uitgevoerd
2025-03-11 15:25:37 - INFO - Update uitgevoerd voor order ID 107823
2025-03-11 15:25:37 - INFO - Order verwerken in BigQuery
2025-03-11 15:25:37 - INFO - Table orders in dataset woocommerce gevonden.
2025-03-11 15:25:39 - INFO - Query uitgevoerd
2025-03-11 15:25:44 - INFO - Update uitgevoerd voor order ID 107822
2025-03-11 15:25:44 - INFO - Order verwerken in BigQuery
2025-03-11 15:25:44 - INFO - Table orders in dataset woocommerce gevonden.
2025-03-11 15:25:46 - INFO - Query uitgevoerd
2025-03-11 15:25:51 - INFO - Update uitgevoerd voor order ID 107821
2025-03-11 15:25:51 - INFO - Order verwerken in BigQuery
2025-03-11 15:25:51 - INFO - Table orders in dataset woocommerce gevonden.
2025-03-11 15:25:53 - INFO - Query uitgevoerd
2025-03-11 15:25:58 - INFO - Update uitgevoerd voor order ID 107820
2025-03-11 15:25:58 - INFO - Order verwerken in BigQuery
2025-03-11 15:25:58 - INFO - Table orders in dataset woocommerce gevonden.
2025-03-11 15:26:00 - INFO - Query uitgevoerd
2025-03-11 15:26:05 - INFO - Update uitgevoerd voor order ID 107819
2025-03-11 15:26:05 - INFO - Order verwerken in BigQuery
2025-03-11 15:26:06 - INFO - Table orders in dataset woocommerce gevonden.
2025-03-11 15:26:07 - INFO - Query uitgevoerd
2025-03-11 15:26:12 - INFO - Update uitgevoerd voor order ID 107818
2025-03-11 15:26:12 - INFO - Order verwerken in BigQuery
2025-03-11 15:26:13 - INFO - Table orders in dataset woocommerce gevonden.
2025-03-11 15:26:14 - INFO - Query uitgevoerd
2025-03-11 15:26:19 - INFO - Update uitgevoerd voor order ID 107817
2025-03-11 15:26:19 - INFO - Order verwerken in BigQuery
2025-03-11 15:26:19 - INFO - Table orders in dataset woocommerce gevonden.
2025-03-11 15:26:21 - INFO - Query uitgevoerd
2025-03-11 15:26:25 - INFO - Update uitgevoerd voor order ID 107814
2025-03-11 15:26:26 - INFO - Order verwerken in BigQuery
2025-03-11 15:26:26 - INFO - Table orders in dataset woocommerce gevonden.
2025-03-11 15:26:28 - INFO - Query uitgevoerd
2025-03-11 15:26:33 - INFO - Update uitgevoerd voor order ID 107813
2025-03-11 15:26:33 - INFO - Order verwerken in BigQuery
2025-03-11 15:26:34 - INFO - Table orders in dataset woocommerce gevonden.
2025-03-11 15:26:36 - INFO - Query uitgevoerd
2025-03-11 15:26:41 - INFO - Update uitgevoerd voor order ID 107812
2025-03-11 15:26:41 - INFO - Order verwerken in BigQuery
2025-03-11 15:26:42 - INFO - Table orders in dataset woocommerce gevonden.
2025-03-11 15:26:43 - INFO - Query uitgevoerd
2025-03-11 15:26:49 - INFO - Update uitgevoerd voor order ID 107811
2025-03-11 15:26:50 - INFO - Order verwerken in BigQuery
2025-03-11 15:26:50 - INFO - Table orders in dataset woocommerce gevonden.
2025-03-11 15:26:52 - INFO - Query uitgevoerd
2025-03-11 15:26:57 - INFO - Update uitgevoerd voor order ID 107809
2025-03-11 15:26:57 - INFO - Order verwerken in BigQuery
2025-03-11 15:26:57 - INFO - Table orders in dataset woocommerce gevonden.
2025-03-11 15:26:59 - INFO - Query uitgevoerd
2025-03-11 15:27:05 - INFO - Update uitgevoerd voor order ID 107808
2025-03-11 15:27:05 - INFO - Order verwerken in BigQuery
2025-03-11 15:27:05 - INFO - Table orders in dataset woocommerce gevonden.
2025-03-11 15:27:07 - INFO - Query uitgevoerd
2025-03-11 15:27:11 - INFO - Update uitgevoerd voor order ID 107807
2025-03-11 15:27:12 - INFO - Order verwerken in BigQuery
2025-03-11 15:27:12 - INFO - Table orders in dataset woocommerce gevonden.
2025-03-11 15:27:13 - INFO - Query uitgevoerd
2025-03-11 15:27:18 - INFO - Update uitgevoerd voor order ID 107806
2025-03-11 15:27:18 - INFO - Order verwerken in BigQuery
2025-03-11 15:27:19 - INFO - Table orders in dataset woocommerce gevonden.
2025-03-11 15:27:21 - INFO - Query uitgevoerd
2025-03-11 15:27:26 - INFO - Update uitgevoerd voor order ID 107805
2025-03-11 15:27:26 - INFO - Order verwerken in BigQuery
2025-03-11 15:27:26 - INFO - Table orders in dataset woocommerce gevonden.
2025-03-11 15:27:28 - INFO - Query uitgevoerd
2025-03-11 15:27:34 - INFO - Update uitgevoerd voor order ID 107804
2025-03-11 15:27:34 - INFO - Order verwerken in BigQuery
2025-03-11 15:27:34 - INFO - Table orders in dataset woocommerce gevonden.
2025-03-11 15:27:36 - INFO - Query uitgevoerd
2025-03-11 15:27:41 - INFO - Update uitgevoerd voor order ID 107802
2025-03-11 15:27:41 - INFO - Order verwerken in BigQuery
2025-03-11 15:27:41 - INFO - Table orders in dataset woocommerce gevonden.
2025-03-11 15:27:43 - INFO - Query uitgevoerd
2025-03-11 15:27:47 - INFO - Update uitgevoerd voor order ID 107801
2025-03-11 15:27:47 - INFO - Order verwerken in BigQuery
2025-03-11 15:27:48 - INFO - Table orders in dataset woocommerce gevonden.
2025-03-11 15:27:50 - INFO - Query uitgevoerd
2025-03-11 15:27:55 - INFO - Update uitgevoerd voor order ID 107800
2025-03-11 15:27:55 - INFO - Order verwerken in BigQuery
2025-03-11 15:27:55 - INFO - Table orders in dataset woocommerce gevonden.
2025-03-11 15:27:57 - INFO - Query uitgevoerd
2025-03-11 15:28:02 - INFO - Update uitgevoerd voor order ID 107799
2025-03-11 15:28:02 - INFO - Order verwerken in BigQuery
2025-03-11 15:28:03 - INFO - Table orders in dataset woocommerce gevonden.
2025-03-11 15:28:04 - INFO - Query uitgevoerd
2025-03-11 15:28:10 - INFO - Update uitgevoerd voor order ID 107798
2025-03-11 15:28:10 - INFO - Order verwerken in BigQuery
2025-03-11 15:28:11 - INFO - Table orders in dataset woocommerce gevonden.
2025-03-11 15:28:12 - INFO - Query uitgevoerd
2025-03-11 15:28:18 - INFO - Update uitgevoerd voor order ID 107797
2025-03-11 15:28:18 - INFO - Order verwerken in BigQuery
2025-03-11 15:28:18 - INFO - Table orders in dataset woocommerce gevonden.
2025-03-11 15:28:20 - INFO - Query uitgevoerd
2025-03-11 15:28:26 - INFO - Update uitgevoerd voor order ID 107796
2025-03-11 15:28:26 - INFO - Order verwerken in BigQuery
2025-03-11 15:28:26 - INFO - Table orders in dataset woocommerce gevonden.
2025-03-11 15:28:28 - INFO - Query uitgevoerd
2025-03-11 15:28:35 - INFO - Update uitgevoerd voor order ID 107795
2025-03-11 15:28:35 - INFO - Order verwerken in BigQuery
2025-03-11 15:28:35 - INFO - Table orders in dataset woocommerce gevonden.
2025-03-11 15:28:37 - INFO - Query uitgevoerd
2025-03-11 15:28:42 - INFO - Update uitgevoerd voor order ID 107794
2025-03-11 15:28:42 - INFO - Order verwerken in BigQuery
2025-03-11 15:28:43 - INFO - Table orders in dataset woocommerce gevonden.
2025-03-11 15:28:44 - INFO - Query uitgevoerd
2025-03-11 15:28:49 - INFO - Update uitgevoerd voor order ID 107792
2025-03-11 15:28:49 - INFO - Order verwerken in BigQuery
2025-03-11 15:28:49 - INFO - Table orders in dataset woocommerce gevonden.
2025-03-11 15:28:51 - INFO - Query uitgevoerd
2025-03-11 15:28:56 - INFO - Update uitgevoerd voor order ID 107791
2025-03-11 15:28:56 - INFO - Order verwerken in BigQuery
2025-03-11 15:28:56 - INFO - Table orders in dataset woocommerce gevonden.
2025-03-11 15:28:59 - INFO - Query uitgevoerd
2025-03-11 15:29:04 - INFO - Update uitgevoerd voor order ID 107790
2025-03-11 15:29:04 - INFO - Order verwerken in BigQuery
2025-03-11 15:29:04 - INFO - Table orders in dataset woocommerce gevonden.
2025-03-11 15:29:06 - INFO - Query uitgevoerd
2025-03-11 15:29:10 - INFO - Update uitgevoerd voor order ID 107789
2025-03-11 15:29:11 - INFO - Order verwerken in BigQuery
2025-03-11 15:29:11 - INFO - Table orders in dataset woocommerce gevonden.
2025-03-11 15:29:13 - INFO - Query uitgevoerd
2025-03-11 15:29:18 - INFO - Update uitgevoerd voor order ID 107788
2025-03-11 15:29:18 - INFO - Order verwerken in BigQuery
2025-03-11 15:29:19 - INFO - Table orders in dataset woocommerce gevonden.
2025-03-11 15:29:20 - INFO - Query uitgevoerd
2025-03-11 15:29:26 - INFO - Update uitgevoerd voor order ID 107787
2025-03-11 15:29:26 - INFO - Order verwerken in BigQuery
2025-03-11 15:29:27 - INFO - Table orders in dataset woocommerce gevonden.
2025-03-11 15:29:28 - INFO - Query uitgevoerd
2025-03-11 15:29:33 - INFO - Update uitgevoerd voor order ID 107786
2025-03-11 15:29:34 - INFO - Order verwerken in BigQuery
2025-03-11 15:29:34 - INFO - Table orders in dataset woocommerce gevonden.
2025-03-11 15:29:36 - INFO - Query uitgevoerd
2025-03-11 15:29:40 - INFO - Update uitgevoerd voor order ID 107785
2025-03-11 15:29:40 - INFO - Order verwerken in BigQuery
2025-03-11 15:29:41 - INFO - Table orders in dataset woocommerce gevonden.
2025-03-11 15:29:42 - INFO - Query uitgevoerd
2025-03-11 15:29:48 - INFO - Update uitgevoerd voor order ID 107784
2025-03-11 15:29:48 - INFO - Order verwerken in BigQuery
2025-03-11 15:29:49 - INFO - Table orders in dataset woocommerce gevonden.
2025-03-11 15:29:50 - INFO - Query uitgevoerd
2025-03-11 15:29:56 - INFO - Update uitgevoerd voor order ID 107783
2025-03-11 15:29:56 - INFO - Order verwerken in BigQuery
2025-03-11 15:29:56 - INFO - Table orders in dataset woocommerce gevonden.
2025-03-11 15:29:58 - INFO - Query uitgevoerd
2025-03-11 15:30:03 - INFO - Update uitgevoerd voor order ID 107782
2025-03-11 15:30:03 - INFO - Order verwerken in BigQuery
2025-03-11 15:30:03 - INFO - Table orders in dataset woocommerce gevonden.
2025-03-11 15:30:08 - INFO - Query uitgevoerd
2025-03-11 15:30:14 - INFO - Update uitgevoerd voor order ID 107781
2025-03-11 15:30:14 - INFO - Order verwerken in BigQuery
2025-03-11 15:30:15 - INFO - Table orders in dataset woocommerce gevonden.
2025-03-11 15:30:16 - INFO - Query uitgevoerd
2025-03-11 15:30:22 - INFO - Update uitgevoerd voor order ID 107780
2025-03-11 15:30:22 - INFO - Order verwerken in BigQuery
2025-03-11 15:30:23 - INFO - Table orders in dataset woocommerce gevonden.
2025-03-11 15:30:25 - INFO - Query uitgevoerd
2025-03-11 15:30:32 - INFO - Update uitgevoerd voor order ID 107779
2025-03-11 15:30:32 - INFO - Order verwerken in BigQuery
2025-03-11 15:30:32 - INFO - Table orders in dataset woocommerce gevonden.
2025-03-11 15:30:34 - INFO - Query uitgevoerd
2025-03-11 15:30:39 - INFO - Update uitgevoerd voor order ID 107778
2025-03-11 15:30:39 - INFO - Order verwerken in BigQuery
2025-03-11 15:30:40 - INFO - Table orders in dataset woocommerce gevonden.
2025-03-11 15:30:42 - INFO - Query uitgevoerd
2025-03-11 15:30:47 - INFO - Update uitgevoerd voor order ID 107777
2025-03-11 15:30:47 - INFO - Order verwerken in BigQuery
2025-03-11 15:30:47 - INFO - Table orders in dataset woocommerce gevonden.
2025-03-11 15:30:49 - INFO - Query uitgevoerd
2025-03-11 15:30:54 - INFO - Update uitgevoerd voor order ID 107776
2025-03-11 15:30:54 - INFO - Order verwerken in BigQuery
2025-03-11 15:30:55 - INFO - Table orders in dataset woocommerce gevonden.
2025-03-11 15:30:56 - INFO - Query uitgevoerd
2025-03-11 15:31:02 - INFO - Update uitgevoerd voor order ID 107775
2025-03-11 15:31:02 - INFO - Order verwerken in BigQuery
2025-03-11 15:31:03 - INFO - Table orders in dataset woocommerce gevonden.
2025-03-11 15:31:04 - INFO - Query uitgevoerd
2025-03-11 15:31:11 - INFO - Update uitgevoerd voor order ID 107774
2025-03-11 15:31:11 - INFO - Order verwerken in BigQuery
2025-03-11 15:31:12 - INFO - Table orders in dataset woocommerce gevonden.
2025-03-11 15:31:13 - INFO - Query uitgevoerd
2025-03-11 15:31:18 - INFO - Update uitgevoerd voor order ID 107773
2025-03-11 15:31:18 - INFO - Order verwerken in BigQuery
2025-03-11 15:31:19 - INFO - Table orders in dataset woocommerce gevonden.
2025-03-11 15:31:20 - INFO - Query uitgevoerd
2025-03-11 15:31:26 - INFO - Update uitgevoerd voor order ID 107772
2025-03-11 15:31:26 - INFO - Order verwerken in BigQuery
2025-03-11 15:31:26 - INFO - Table orders in dataset woocommerce gevonden.
2025-03-11 15:31:28 - INFO - Query uitgevoerd
2025-03-11 15:31:33 - INFO - Update uitgevoerd voor order ID 107771
2025-03-11 15:31:33 - INFO - Order verwerken in BigQuery
2025-03-11 15:31:34 - INFO - Table orders in dataset woocommerce gevonden.
2025-03-11 15:31:36 - INFO - Query uitgevoerd
2025-03-11 15:31:40 - INFO - Update uitgevoerd voor order ID 107770
2025-03-11 15:31:40 - INFO - Order verwerken in BigQuery
2025-03-11 15:31:41 - INFO - Table orders in dataset woocommerce gevonden.
2025-03-11 15:31:43 - INFO - Query uitgevoerd
2025-03-11 15:31:48 - INFO - Update uitgevoerd voor order ID 107769
2025-03-11 15:31:48 - INFO - Order verwerken in BigQuery
2025-03-11 15:31:48 - INFO - Table orders in dataset woocommerce gevonden.
2025-03-11 15:31:50 - INFO - Query uitgevoerd
2025-03-11 15:31:55 - INFO - Update uitgevoerd voor order ID 107768
2025-03-11 15:31:55 - INFO - Order verwerken in BigQuery
2025-03-11 15:31:56 - INFO - Table orders in dataset woocommerce gevonden.
2025-03-11 15:31:57 - INFO - Query uitgevoerd
2025-03-11 15:32:03 - INFO - Update uitgevoerd voor order ID 107767
2025-03-11 15:32:03 - INFO - Order verwerken in BigQuery
2025-03-11 15:32:03 - INFO - Table orders in dataset woocommerce gevonden.
2025-03-11 15:32:05 - INFO - Query uitgevoerd
2025-03-11 15:32:10 - INFO - Update uitgevoerd voor order ID 107766
2025-03-11 15:32:10 - INFO - Order verwerken in BigQuery
2025-03-11 15:32:10 - INFO - Table orders in dataset woocommerce gevonden.
2025-03-11 15:32:12 - INFO - Query uitgevoerd
2025-03-11 15:32:18 - INFO - Update uitgevoerd voor order ID 107765
2025-03-11 15:32:18 - INFO - Order verwerken in BigQuery
2025-03-11 15:32:19 - INFO - Table orders in dataset woocommerce gevonden.
2025-03-11 15:32:21 - INFO - Query uitgevoerd
2025-03-11 15:32:26 - INFO - Update uitgevoerd voor order ID 107764
2025-03-11 15:32:26 - INFO - Order verwerken in BigQuery
2025-03-11 15:32:26 - INFO - Table orders in dataset woocommerce gevonden.
2025-03-11 15:32:28 - INFO - Query uitgevoerd
2025-03-11 15:32:33 - INFO - Update uitgevoerd voor order ID 107763
2025-03-11 15:32:33 - INFO - Order verwerken in BigQuery
2025-03-11 15:32:33 - INFO - Table orders in dataset woocommerce gevonden.
2025-03-11 15:32:35 - INFO - Query uitgevoerd
2025-03-11 15:32:40 - INFO - Update uitgevoerd voor order ID 107762
2025-03-11 15:32:40 - INFO - Script ended in 0:15:07
2025-03-11 16:05:15 - INFO - Logboek is geconfigureerd.
2025-03-11 16:05:18 - INFO - Order verwerken in BigQuery
2025-03-11 16:05:19 - INFO - Table orders in dataset woocommerce gevonden.
2025-03-11 16:05:20 - INFO - Query uitgevoerd
2025-03-11 16:05:23 - INFO - Update uitgevoerd voor order ID 107958
2025-03-11 16:05:23 - INFO - Order verwerken in BigQuery
2025-03-11 16:05:23 - INFO - Table orders in dataset woocommerce gevonden.
2025-03-11 16:05:25 - INFO - Query uitgevoerd
2025-03-11 16:05:32 - INFO - Update uitgevoerd voor order ID 107945
2025-03-11 16:05:32 - INFO - Order verwerken in BigQuery
2025-03-11 16:05:32 - INFO - Table orders in dataset woocommerce gevonden.
2025-03-11 16:05:34 - INFO - Query uitgevoerd
2025-03-11 16:05:39 - INFO - Update uitgevoerd voor order ID 107937
2025-03-11 16:05:39 - INFO - Order verwerken in BigQuery
2025-03-11 16:05:40 - INFO - Table orders in dataset woocommerce gevonden.
2025-03-11 16:05:41 - INFO - Query uitgevoerd
2025-03-11 16:05:55 - INFO - Logboek is geconfigureerd.
2025-03-11 16:05:59 - INFO - Order verwerken in BigQuery
2025-03-11 16:05:59 - INFO - Table orders in dataset woocommerce gevonden.
2025-03-11 16:06:01 - INFO - Query uitgevoerd
2025-03-11 16:06:04 - INFO - Update uitgevoerd voor order ID 107958
2025-03-11 16:06:04 - INFO - Order verwerken in BigQuery
2025-03-11 16:06:04 - INFO - Table orders in dataset woocommerce gevonden.
2025-03-11 16:06:06 - INFO - Query uitgevoerd
2025-03-11 16:06:46 - INFO - Logboek is geconfigureerd.
2025-03-11 16:06:51 - INFO - Order verwerken in BigQuery
2025-03-11 16:06:52 - INFO - Table orders in dataset woocommerce gevonden.
2025-03-11 16:06:53 - INFO - Query uitgevoerd
2025-03-11 16:06:56 - INFO - Update uitgevoerd voor order ID 107960
2025-03-11 16:06:56 - INFO - Order verwerken in BigQuery
2025-03-11 16:06:56 - INFO - Table orders in dataset woocommerce gevonden.
2025-03-11 16:06:58 - INFO - Query uitgevoerd
2025-03-11 16:07:01 - INFO - Insert uitgevoerd voor order ID 107959
2025-03-11 16:07:01 - INFO - Order verwerken in BigQuery
2025-03-11 16:07:01 - INFO - Table orders in dataset woocommerce gevonden.
2025-03-11 16:07:03 - INFO - Query uitgevoerd
2025-03-11 16:07:05 - INFO - Update uitgevoerd voor order ID 107958
2025-03-11 16:07:05 - INFO - Order verwerken in BigQuery
2025-03-11 16:07:06 - INFO - Table orders in dataset woocommerce gevonden.
2025-03-11 16:07:08 - INFO - Query uitgevoerd
2025-03-11 16:07:10 - INFO - Insert uitgevoerd voor order ID 107957
2025-03-11 16:07:10 - INFO - Order verwerken in BigQuery
2025-03-11 16:07:11 - INFO - Table orders in dataset woocommerce gevonden.
2025-03-11 16:07:12 - INFO - Query uitgevoerd
2025-03-11 16:07:15 - INFO - Insert uitgevoerd voor order ID 107956
2025-03-11 16:07:15 - INFO - Order verwerken in BigQuery
2025-03-11 16:07:16 - INFO - Table orders in dataset woocommerce gevonden.
2025-03-11 16:07:17 - INFO - Query uitgevoerd
2025-03-11 16:07:20 - INFO - Insert uitgevoerd voor order ID 107955
2025-03-11 16:07:20 - INFO - Order verwerken in BigQuery
2025-03-11 16:07:20 - INFO - Table orders in dataset woocommerce gevonden.
2025-03-11 16:07:22 - INFO - Query uitgevoerd
2025-03-11 16:07:24 - INFO - Insert uitgevoerd voor order ID 107954
2025-03-11 16:07:24 - INFO - Order verwerken in BigQuery
2025-03-11 16:07:25 - INFO - Table orders in dataset woocommerce gevonden.
2025-03-11 16:07:26 - INFO - Query uitgevoerd
2025-03-11 16:07:33 - INFO - Update uitgevoerd voor order ID 107953
2025-03-11 16:07:33 - INFO - Order verwerken in BigQuery
2025-03-11 16:07:33 - INFO - Table orders in dataset woocommerce gevonden.
2025-03-11 16:07:35 - INFO - Query uitgevoerd
2025-03-11 16:07:40 - INFO - Update uitgevoerd voor order ID 107952
2025-03-11 16:07:40 - INFO - Order verwerken in BigQuery
2025-03-11 16:07:41 - INFO - Table orders in dataset woocommerce gevonden.
2025-03-11 16:07:42 - INFO - Query uitgevoerd
2025-03-11 16:07:50 - INFO - Update uitgevoerd voor order ID 107951
2025-03-11 16:07:50 - INFO - Order verwerken in BigQuery
2025-03-11 16:07:50 - INFO - Table orders in dataset woocommerce gevonden.
2025-03-11 16:07:52 - INFO - Query uitgevoerd
2025-03-11 16:07:57 - INFO - Update uitgevoerd voor order ID 107950
2025-03-11 16:07:57 - INFO - Order verwerken in BigQuery
2025-03-11 16:07:57 - INFO - Table orders in dataset woocommerce gevonden.
2025-03-11 16:07:59 - INFO - Query uitgevoerd
