Lokaal draaien: .env bestand gevonden en geladen.
Script ID: 3232
Script gestart voor jaar 2020
Eerste 100 orders opgehaald
Update uitgevoerd voor order ID 30698
Totaal aantal verwerkte orders: 1
Update uitgevoerd voor order ID 30697
Totaal aantal verwerkte orders: 2
Update uitgevoerd voor order ID 30696
Totaal aantal verwerkte orders: 3
Update uitgevoerd voor order ID 30694
Totaal aantal verwerkte orders: 4
Update uitgevoerd voor order ID 30693
Totaal aantal verwerkte orders: 5
Update uitgevoerd voor order ID 30692
Totaal aantal verwerkte orders: 6
Update uitgevoerd voor order ID 30691
Totaal aantal verwerkte orders: 7
Update uitgevoerd voor order ID 30690
Totaal aantal verwerkte orders: 8
Update uitgevoerd voor order ID 30689
Totaal aantal verwerkte orders: 9
Update uitgevoerd voor order ID 30687
Totaal aantal verwerkte orders: 10
Update uitgevoerd voor order ID 30686
Totaal aantal verwerkte orders: 11
Update uitgevoerd voor order ID 30685
Totaal aantal verwerkte orders: 12
Update uitgevoerd voor order ID 30684
Totaal aantal verwerkte orders: 13
Update uitgevoerd voor order ID 30683
Totaal aantal verwerkte orders: 14
Update uitgevoerd voor order ID 30682
Totaal aantal verwerkte orders: 15
Update uitgevoerd voor order ID 30681
Totaal aantal verwerkte orders: 16
Update uitgevoerd voor order ID 30680
Totaal aantal verwerkte orders: 17
Update uitgevoerd voor order ID 30679
Totaal aantal verwerkte orders: 18
Update uitgevoerd voor order ID 30678
Totaal aantal verwerkte orders: 19
Update uitgevoerd voor order ID 30677
Totaal aantal verwerkte orders: 20
Update uitgevoerd voor order ID 30676
Totaal aantal verwerkte orders: 21
Update uitgevoerd voor order ID 30675
Totaal aantal verwerkte orders: 22
Update uitgevoerd voor order ID 30674
Totaal aantal verwerkte orders: 23
Update uitgevoerd voor order ID 30673
Totaal aantal verwerkte orders: 24
Update uitgevoerd voor order ID 30672
Totaal aantal verwerkte orders: 25
Update uitgevoerd voor order ID 30670
Totaal aantal verwerkte orders: 26
Update uitgevoerd voor order ID 30669
Totaal aantal verwerkte orders: 27
Update uitgevoerd voor order ID 30554
Totaal aantal verwerkte orders: 28
Update uitgevoerd voor order ID 30546
Totaal aantal verwerkte orders: 29
Update uitgevoerd voor order ID 30545
Totaal aantal verwerkte orders: 30
Update uitgevoerd voor order ID 30544
Totaal aantal verwerkte orders: 31
Update uitgevoerd voor order ID 30543
Totaal aantal verwerkte orders: 32
Update uitgevoerd voor order ID 30542
Totaal aantal verwerkte orders: 33
Update uitgevoerd voor order ID 30541
Totaal aantal verwerkte orders: 34
Update uitgevoerd voor order ID 30540
Totaal aantal verwerkte orders: 35
Update uitgevoerd voor order ID 30539
Totaal aantal verwerkte orders: 36
Update uitgevoerd voor order ID 30538
Totaal aantal verwerkte orders: 37
Update uitgevoerd voor order ID 30537
Totaal aantal verwerkte orders: 38
Update uitgevoerd voor order ID 30536
Totaal aantal verwerkte orders: 39
Update uitgevoerd voor order ID 30535
Totaal aantal verwerkte orders: 40
Update uitgevoerd voor order ID 30533
Totaal aantal verwerkte orders: 41
Update uitgevoerd voor order ID 30532
Totaal aantal verwerkte orders: 42
Update uitgevoerd voor order ID 30531
Totaal aantal verwerkte orders: 43
Update uitgevoerd voor order ID 30529
Totaal aantal verwerkte orders: 44
Update uitgevoerd voor order ID 30528
Totaal aantal verwerkte orders: 45
Update uitgevoerd voor order ID 30527
Totaal aantal verwerkte orders: 46
Update uitgevoerd voor order ID 30525
Totaal aantal verwerkte orders: 47
Update uitgevoerd voor order ID 30524
Totaal aantal verwerkte orders: 48
Update uitgevoerd voor order ID 30523
Totaal aantal verwerkte orders: 49
Update uitgevoerd voor order ID 30522
Totaal aantal verwerkte orders: 50
Update uitgevoerd voor order ID 30521
Totaal aantal verwerkte orders: 51
Update uitgevoerd voor order ID 30520
Totaal aantal verwerkte orders: 52
Update uitgevoerd voor order ID 30519
Totaal aantal verwerkte orders: 53
Update uitgevoerd voor order ID 30516
Totaal aantal verwerkte orders: 54
Update uitgevoerd voor order ID 30515
Totaal aantal verwerkte orders: 55
Update uitgevoerd voor order ID 30513
Totaal aantal verwerkte orders: 56
Update uitgevoerd voor order ID 30495
Totaal aantal verwerkte orders: 57
Update uitgevoerd voor order ID 30494
Totaal aantal verwerkte orders: 58
Update uitgevoerd voor order ID 30489
Totaal aantal verwerkte orders: 59
Update uitgevoerd voor order ID 30487
Totaal aantal verwerkte orders: 60
Update uitgevoerd voor order ID 30486
Totaal aantal verwerkte orders: 61
Update uitgevoerd voor order ID 30479
Totaal aantal verwerkte orders: 62
Update uitgevoerd voor order ID 30478
Totaal aantal verwerkte orders: 63
Update uitgevoerd voor order ID 30477
Totaal aantal verwerkte orders: 64
Update uitgevoerd voor order ID 30476
Totaal aantal verwerkte orders: 65
Update uitgevoerd voor order ID 30475
Totaal aantal verwerkte orders: 66
Update uitgevoerd voor order ID 30474
Totaal aantal verwerkte orders: 67
Update uitgevoerd voor order ID 30473
Totaal aantal verwerkte orders: 68
Update uitgevoerd voor order ID 30472
Totaal aantal verwerkte orders: 69
Update uitgevoerd voor order ID 30471
Totaal aantal verwerkte orders: 70
Update uitgevoerd voor order ID 30470
Totaal aantal verwerkte orders: 71
Update uitgevoerd voor order ID 30469
Totaal aantal verwerkte orders: 72
Update uitgevoerd voor order ID 30468
Totaal aantal verwerkte orders: 73
Update uitgevoerd voor order ID 30467
Totaal aantal verwerkte orders: 74
Update uitgevoerd voor order ID 30466
Totaal aantal verwerkte orders: 75
Update uitgevoerd voor order ID 30465
Totaal aantal verwerkte orders: 76
Update uitgevoerd voor order ID 30464
Totaal aantal verwerkte orders: 77
Update uitgevoerd voor order ID 30463
Totaal aantal verwerkte orders: 78
Update uitgevoerd voor order ID 30461
Totaal aantal verwerkte orders: 79
Update uitgevoerd voor order ID 30460
Totaal aantal verwerkte orders: 80
Update uitgevoerd voor order ID 30459
Totaal aantal verwerkte orders: 81
Update uitgevoerd voor order ID 30458
Totaal aantal verwerkte orders: 82
Update uitgevoerd voor order ID 30457
Totaal aantal verwerkte orders: 83
Update uitgevoerd voor order ID 30456
Totaal aantal verwerkte orders: 84
Update uitgevoerd voor order ID 30455
Totaal aantal verwerkte orders: 85
Update uitgevoerd voor order ID 30454
Totaal aantal verwerkte orders: 86
Update uitgevoerd voor order ID 30453
Totaal aantal verwerkte orders: 87
Update uitgevoerd voor order ID 30452
Totaal aantal verwerkte orders: 88
Update uitgevoerd voor order ID 30451
Totaal aantal verwerkte orders: 89
Update uitgevoerd voor order ID 30450
Totaal aantal verwerkte orders: 90
Update uitgevoerd voor order ID 30449
Totaal aantal verwerkte orders: 91
Update uitgevoerd voor order ID 30448
Totaal aantal verwerkte orders: 92
Update uitgevoerd voor order ID 30447
Totaal aantal verwerkte orders: 93
Update uitgevoerd voor order ID 30446
Totaal aantal verwerkte orders: 94
Update uitgevoerd voor order ID 30445
Totaal aantal verwerkte orders: 95
Eerste 200 orders opgehaald
Update uitgevoerd voor order ID 30444
Totaal aantal verwerkte orders: 96
Update uitgevoerd voor order ID 30443
Totaal aantal verwerkte orders: 97
Update uitgevoerd voor order ID 30442
Totaal aantal verwerkte orders: 98
Update uitgevoerd voor order ID 30441
Totaal aantal verwerkte orders: 99
Update uitgevoerd voor order ID 30440
Totaal aantal verwerkte orders: 100
Update uitgevoerd voor order ID 30439
Totaal aantal verwerkte orders: 101
Update uitgevoerd voor order ID 30438
Totaal aantal verwerkte orders: 102
Update uitgevoerd voor order ID 30437
Totaal aantal verwerkte orders: 103
Update uitgevoerd voor order ID 30436
Totaal aantal verwerkte orders: 104
Update uitgevoerd voor order ID 30435
Totaal aantal verwerkte orders: 105
Update uitgevoerd voor order ID 30434
Totaal aantal verwerkte orders: 106
Update uitgevoerd voor order ID 30433
Totaal aantal verwerkte orders: 107
Update uitgevoerd voor order ID 30432
Totaal aantal verwerkte orders: 108
Update uitgevoerd voor order ID 30431
Totaal aantal verwerkte orders: 109
Update uitgevoerd voor order ID 30430
Totaal aantal verwerkte orders: 110
Update uitgevoerd voor order ID 30429
Totaal aantal verwerkte orders: 111
Update uitgevoerd voor order ID 30428
Totaal aantal verwerkte orders: 112
Update uitgevoerd voor order ID 30427
Totaal aantal verwerkte orders: 113
Update uitgevoerd voor order ID 30426
Totaal aantal verwerkte orders: 114
Update uitgevoerd voor order ID 30424
Totaal aantal verwerkte orders: 115
Update uitgevoerd voor order ID 30423
Totaal aantal verwerkte orders: 116
Update uitgevoerd voor order ID 30422
Totaal aantal verwerkte orders: 117
Update uitgevoerd voor order ID 30421
Totaal aantal verwerkte orders: 118
Update uitgevoerd voor order ID 30420
Totaal aantal verwerkte orders: 119
Update uitgevoerd voor order ID 30419
Totaal aantal verwerkte orders: 120
Update uitgevoerd voor order ID 30418
Totaal aantal verwerkte orders: 121
Update uitgevoerd voor order ID 30417
Totaal aantal verwerkte orders: 122
Update uitgevoerd voor order ID 30416
Totaal aantal verwerkte orders: 123
Update uitgevoerd voor order ID 30415
Totaal aantal verwerkte orders: 124
Update uitgevoerd voor order ID 30414
Totaal aantal verwerkte orders: 125
Update uitgevoerd voor order ID 30412
Totaal aantal verwerkte orders: 126
Update uitgevoerd voor order ID 30411
Totaal aantal verwerkte orders: 127
Update uitgevoerd voor order ID 30410
Totaal aantal verwerkte orders: 128
Update uitgevoerd voor order ID 30409
Totaal aantal verwerkte orders: 129
Update uitgevoerd voor order ID 30408
Totaal aantal verwerkte orders: 130
Update uitgevoerd voor order ID 30407
Totaal aantal verwerkte orders: 131
Update uitgevoerd voor order ID 30406
Totaal aantal verwerkte orders: 132
Update uitgevoerd voor order ID 30405
Totaal aantal verwerkte orders: 133
Update uitgevoerd voor order ID 30404
Totaal aantal verwerkte orders: 134
Update uitgevoerd voor order ID 30403
Totaal aantal verwerkte orders: 135
Update uitgevoerd voor order ID 30402
Totaal aantal verwerkte orders: 136
Update uitgevoerd voor order ID 30401
Totaal aantal verwerkte orders: 137
Update uitgevoerd voor order ID 30400
Totaal aantal verwerkte orders: 138
Update uitgevoerd voor order ID 30396
Totaal aantal verwerkte orders: 139
Update uitgevoerd voor order ID 30395
Totaal aantal verwerkte orders: 140
Update uitgevoerd voor order ID 30394
Totaal aantal verwerkte orders: 141
Update uitgevoerd voor order ID 30390
Totaal aantal verwerkte orders: 142
Update uitgevoerd voor order ID 30389
Totaal aantal verwerkte orders: 143
Update uitgevoerd voor order ID 30388
Totaal aantal verwerkte orders: 144
Update uitgevoerd voor order ID 30387
Totaal aantal verwerkte orders: 145
Update uitgevoerd voor order ID 30386
Totaal aantal verwerkte orders: 146
Update uitgevoerd voor order ID 30385
Totaal aantal verwerkte orders: 147
Update uitgevoerd voor order ID 30384
Totaal aantal verwerkte orders: 148
Update uitgevoerd voor order ID 30383
Totaal aantal verwerkte orders: 149
Update uitgevoerd voor order ID 30382
Totaal aantal verwerkte orders: 150
Update uitgevoerd voor order ID 30380
Totaal aantal verwerkte orders: 151
Update uitgevoerd voor order ID 30378
Totaal aantal verwerkte orders: 152
Update uitgevoerd voor order ID 30374
Totaal aantal verwerkte orders: 153
Update uitgevoerd voor order ID 30373
Totaal aantal verwerkte orders: 154
Update uitgevoerd voor order ID 30353
Totaal aantal verwerkte orders: 155
Update uitgevoerd voor order ID 30323
Totaal aantal verwerkte orders: 156
Update uitgevoerd voor order ID 30318
Totaal aantal verwerkte orders: 157
Update uitgevoerd voor order ID 30316
Totaal aantal verwerkte orders: 158
Update uitgevoerd voor order ID 30314
Totaal aantal verwerkte orders: 159
Update uitgevoerd voor order ID 30312
Totaal aantal verwerkte orders: 160
Update uitgevoerd voor order ID 30310
Totaal aantal verwerkte orders: 161
Update uitgevoerd voor order ID 30309
Totaal aantal verwerkte orders: 162
Update uitgevoerd voor order ID 30308
Totaal aantal verwerkte orders: 163
Update uitgevoerd voor order ID 30307
Totaal aantal verwerkte orders: 164
Update uitgevoerd voor order ID 30306
Totaal aantal verwerkte orders: 165
Update uitgevoerd voor order ID 30305
Totaal aantal verwerkte orders: 166
Update uitgevoerd voor order ID 30304
Totaal aantal verwerkte orders: 167
Update uitgevoerd voor order ID 30303
Totaal aantal verwerkte orders: 168
Update uitgevoerd voor order ID 30302
Totaal aantal verwerkte orders: 169
Update uitgevoerd voor order ID 30301
Totaal aantal verwerkte orders: 170
Update uitgevoerd voor order ID 30300
Totaal aantal verwerkte orders: 171
Update uitgevoerd voor order ID 30299
Totaal aantal verwerkte orders: 172
Update uitgevoerd voor order ID 30298
Totaal aantal verwerkte orders: 173
Update uitgevoerd voor order ID 30297
Totaal aantal verwerkte orders: 174
Update uitgevoerd voor order ID 30296
Totaal aantal verwerkte orders: 175
Update uitgevoerd voor order ID 30295
Totaal aantal verwerkte orders: 176
Update uitgevoerd voor order ID 30294
Totaal aantal verwerkte orders: 177
Update uitgevoerd voor order ID 30293
Totaal aantal verwerkte orders: 178
Update uitgevoerd voor order ID 30292
Totaal aantal verwerkte orders: 179
Update uitgevoerd voor order ID 30291
Totaal aantal verwerkte orders: 180
Update uitgevoerd voor order ID 30290
Totaal aantal verwerkte orders: 181
Update uitgevoerd voor order ID 30289
Totaal aantal verwerkte orders: 182
Update uitgevoerd voor order ID 30288
Totaal aantal verwerkte orders: 183
Update uitgevoerd voor order ID 30287
Totaal aantal verwerkte orders: 184
Insert uitgevoerd voor order ID 30286
Totaal aantal verwerkte orders: 185
Insert uitgevoerd voor order ID 30285
Totaal aantal verwerkte orders: 186
Insert uitgevoerd voor order ID 30281
Totaal aantal verwerkte orders: 187
Insert uitgevoerd voor order ID 30280
Totaal aantal verwerkte orders: 188
Insert uitgevoerd voor order ID 30279
Totaal aantal verwerkte orders: 189
Insert uitgevoerd voor order ID 30278
Totaal aantal verwerkte orders: 190
Insert uitgevoerd voor order ID 30277
Totaal aantal verwerkte orders: 191
Insert uitgevoerd voor order ID 30276
Totaal aantal verwerkte orders: 192
Insert uitgevoerd voor order ID 30275
Totaal aantal verwerkte orders: 193
Eerste 300 orders opgehaald
Insert uitgevoerd voor order ID 30274
Totaal aantal verwerkte orders: 194
Insert uitgevoerd voor order ID 30273
Totaal aantal verwerkte orders: 195
Insert uitgevoerd voor order ID 30272
Totaal aantal verwerkte orders: 196
Insert uitgevoerd voor order ID 30271
Totaal aantal verwerkte orders: 197
Insert uitgevoerd voor order ID 30270
Totaal aantal verwerkte orders: 198
Insert uitgevoerd voor order ID 30269
Totaal aantal verwerkte orders: 199
Insert uitgevoerd voor order ID 30268
Totaal aantal verwerkte orders: 200
Insert uitgevoerd voor order ID 30267
Totaal aantal verwerkte orders: 201
Insert uitgevoerd voor order ID 30266
Totaal aantal verwerkte orders: 202
Insert uitgevoerd voor order ID 30265
Totaal aantal verwerkte orders: 203
Insert uitgevoerd voor order ID 30263
Totaal aantal verwerkte orders: 204
Insert uitgevoerd voor order ID 30262
Totaal aantal verwerkte orders: 205
Insert uitgevoerd voor order ID 30261
Totaal aantal verwerkte orders: 206
Insert uitgevoerd voor order ID 30260
Totaal aantal verwerkte orders: 207
Insert uitgevoerd voor order ID 30259
Totaal aantal verwerkte orders: 208
Insert uitgevoerd voor order ID 30258
Totaal aantal verwerkte orders: 209
Insert uitgevoerd voor order ID 30257
Totaal aantal verwerkte orders: 210
Insert uitgevoerd voor order ID 30256
Totaal aantal verwerkte orders: 211
Insert uitgevoerd voor order ID 30255
Totaal aantal verwerkte orders: 212
Insert uitgevoerd voor order ID 30254
Totaal aantal verwerkte orders: 213
Insert uitgevoerd voor order ID 30253
Totaal aantal verwerkte orders: 214
Insert uitgevoerd voor order ID 30252
Totaal aantal verwerkte orders: 215
Insert uitgevoerd voor order ID 30251
Totaal aantal verwerkte orders: 216
Insert uitgevoerd voor order ID 30245
Totaal aantal verwerkte orders: 217
Insert uitgevoerd voor order ID 30244
Totaal aantal verwerkte orders: 218
Insert uitgevoerd voor order ID 30241
Totaal aantal verwerkte orders: 219
Insert uitgevoerd voor order ID 30240
Totaal aantal verwerkte orders: 220
Insert uitgevoerd voor order ID 30239
Totaal aantal verwerkte orders: 221
Insert uitgevoerd voor order ID 30236
Totaal aantal verwerkte orders: 222
Insert uitgevoerd voor order ID 30233
Totaal aantal verwerkte orders: 223
Insert uitgevoerd voor order ID 30228
Totaal aantal verwerkte orders: 224
Insert uitgevoerd voor order ID 30227
Totaal aantal verwerkte orders: 225
Insert uitgevoerd voor order ID 30226
Totaal aantal verwerkte orders: 226
Insert uitgevoerd voor order ID 30225
Totaal aantal verwerkte orders: 227
Insert uitgevoerd voor order ID 30224
Totaal aantal verwerkte orders: 228
Insert uitgevoerd voor order ID 30223
Totaal aantal verwerkte orders: 229
Insert uitgevoerd voor order ID 30222
Totaal aantal verwerkte orders: 230
Insert uitgevoerd voor order ID 30221
Totaal aantal verwerkte orders: 231
Insert uitgevoerd voor order ID 30217
Totaal aantal verwerkte orders: 232
Insert uitgevoerd voor order ID 30215
Totaal aantal verwerkte orders: 233
Insert uitgevoerd voor order ID 30214
Totaal aantal verwerkte orders: 234
Insert uitgevoerd voor order ID 30213
Totaal aantal verwerkte orders: 235
Insert uitgevoerd voor order ID 30212
Totaal aantal verwerkte orders: 236
Insert uitgevoerd voor order ID 30211
Totaal aantal verwerkte orders: 237
Insert uitgevoerd voor order ID 30210
Totaal aantal verwerkte orders: 238
Insert uitgevoerd voor order ID 30209
Totaal aantal verwerkte orders: 239
Insert uitgevoerd voor order ID 30208
Totaal aantal verwerkte orders: 240
Insert uitgevoerd voor order ID 30207
Totaal aantal verwerkte orders: 241
Insert uitgevoerd voor order ID 30206
Totaal aantal verwerkte orders: 242
Insert uitgevoerd voor order ID 30205
Totaal aantal verwerkte orders: 243
Insert uitgevoerd voor order ID 30204
Totaal aantal verwerkte orders: 244
Insert uitgevoerd voor order ID 30203
Totaal aantal verwerkte orders: 245
Insert uitgevoerd voor order ID 30202
Totaal aantal verwerkte orders: 246
Insert uitgevoerd voor order ID 30201
Totaal aantal verwerkte orders: 247
Insert uitgevoerd voor order ID 30200
Totaal aantal verwerkte orders: 248
Insert uitgevoerd voor order ID 30199
Totaal aantal verwerkte orders: 249
Insert uitgevoerd voor order ID 30198
Totaal aantal verwerkte orders: 250
Insert uitgevoerd voor order ID 30197
Totaal aantal verwerkte orders: 251
Insert uitgevoerd voor order ID 30195
Totaal aantal verwerkte orders: 252
Insert uitgevoerd voor order ID 30194
Totaal aantal verwerkte orders: 253
Insert uitgevoerd voor order ID 30193
Totaal aantal verwerkte orders: 254
Insert uitgevoerd voor order ID 30192
Totaal aantal verwerkte orders: 255
Insert uitgevoerd voor order ID 30191
Totaal aantal verwerkte orders: 256
Insert uitgevoerd voor order ID 30190
Totaal aantal verwerkte orders: 257
Insert uitgevoerd voor order ID 30189
Totaal aantal verwerkte orders: 258
Insert uitgevoerd voor order ID 30188
Totaal aantal verwerkte orders: 259
Insert uitgevoerd voor order ID 30187
Totaal aantal verwerkte orders: 260
Insert uitgevoerd voor order ID 30186
Totaal aantal verwerkte orders: 261
Insert uitgevoerd voor order ID 30185
Totaal aantal verwerkte orders: 262
Insert uitgevoerd voor order ID 30184
Totaal aantal verwerkte orders: 263
Insert uitgevoerd voor order ID 30183
Totaal aantal verwerkte orders: 264
Insert uitgevoerd voor order ID 30182
Totaal aantal verwerkte orders: 265
Insert uitgevoerd voor order ID 30181
Totaal aantal verwerkte orders: 266
Insert uitgevoerd voor order ID 30180
Totaal aantal verwerkte orders: 267
Insert uitgevoerd voor order ID 30179
Totaal aantal verwerkte orders: 268
Insert uitgevoerd voor order ID 30178
Totaal aantal verwerkte orders: 269
Insert uitgevoerd voor order ID 30177
Totaal aantal verwerkte orders: 270
Insert uitgevoerd voor order ID 30176
Totaal aantal verwerkte orders: 271
Insert uitgevoerd voor order ID 30175
Totaal aantal verwerkte orders: 272
Insert uitgevoerd voor order ID 30174
Totaal aantal verwerkte orders: 273
Insert uitgevoerd voor order ID 30173
Totaal aantal verwerkte orders: 274
Insert uitgevoerd voor order ID 30172
Totaal aantal verwerkte orders: 275
Insert uitgevoerd voor order ID 30171
Totaal aantal verwerkte orders: 276
Insert uitgevoerd voor order ID 30170
Totaal aantal verwerkte orders: 277
Insert uitgevoerd voor order ID 30169
Totaal aantal verwerkte orders: 278
Insert uitgevoerd voor order ID 30168
Totaal aantal verwerkte orders: 279
Insert uitgevoerd voor order ID 30167
Totaal aantal verwerkte orders: 280
Insert uitgevoerd voor order ID 30166
Totaal aantal verwerkte orders: 281
Insert uitgevoerd voor order ID 30165
Totaal aantal verwerkte orders: 282
Insert uitgevoerd voor order ID 30164
Totaal aantal verwerkte orders: 283
Insert uitgevoerd voor order ID 30163
Totaal aantal verwerkte orders: 284
Insert uitgevoerd voor order ID 30162
Totaal aantal verwerkte orders: 285
Insert uitgevoerd voor order ID 30161
Totaal aantal verwerkte orders: 286
Insert uitgevoerd voor order ID 30160
Totaal aantal verwerkte orders: 287
Insert uitgevoerd voor order ID 30159
Totaal aantal verwerkte orders: 288
Insert uitgevoerd voor order ID 30158
Totaal aantal verwerkte orders: 289
Insert uitgevoerd voor order ID 30157
Totaal aantal verwerkte orders: 290
Insert uitgevoerd voor order ID 30156
Totaal aantal verwerkte orders: 291
Insert uitgevoerd voor order ID 30155
Totaal aantal verwerkte orders: 292
Insert uitgevoerd voor order ID 30154
Totaal aantal verwerkte orders: 293
Eerste 400 orders opgehaald
Insert uitgevoerd voor order ID 30153
Totaal aantal verwerkte orders: 294
Insert uitgevoerd voor order ID 30152
Totaal aantal verwerkte orders: 295
Insert uitgevoerd voor order ID 30151
Totaal aantal verwerkte orders: 296
Insert uitgevoerd voor order ID 30150
Totaal aantal verwerkte orders: 297
Insert uitgevoerd voor order ID 30149
Totaal aantal verwerkte orders: 298
Insert uitgevoerd voor order ID 30147
Totaal aantal verwerkte orders: 299
Insert uitgevoerd voor order ID 30146
Totaal aantal verwerkte orders: 300
Insert uitgevoerd voor order ID 30145
Totaal aantal verwerkte orders: 301
Insert uitgevoerd voor order ID 30144
Totaal aantal verwerkte orders: 302
Insert uitgevoerd voor order ID 30143
Totaal aantal verwerkte orders: 303
Insert uitgevoerd voor order ID 30142
Totaal aantal verwerkte orders: 304
Insert uitgevoerd voor order ID 30141
Totaal aantal verwerkte orders: 305
Insert uitgevoerd voor order ID 30140
Totaal aantal verwerkte orders: 306
Insert uitgevoerd voor order ID 30139
Totaal aantal verwerkte orders: 307
Insert uitgevoerd voor order ID 30138
Totaal aantal verwerkte orders: 308
Insert uitgevoerd voor order ID 30136
Totaal aantal verwerkte orders: 309
Insert uitgevoerd voor order ID 30135
Totaal aantal verwerkte orders: 310
Insert uitgevoerd voor order ID 30134
Totaal aantal verwerkte orders: 311
Insert uitgevoerd voor order ID 30133
Totaal aantal verwerkte orders: 312
Insert uitgevoerd voor order ID 30132
Totaal aantal verwerkte orders: 313
Insert uitgevoerd voor order ID 30131
Totaal aantal verwerkte orders: 314
Insert uitgevoerd voor order ID 30130
Totaal aantal verwerkte orders: 315
Insert uitgevoerd voor order ID 30129
Totaal aantal verwerkte orders: 316
Insert uitgevoerd voor order ID 30128
Totaal aantal verwerkte orders: 317
Insert uitgevoerd voor order ID 30126
Totaal aantal verwerkte orders: 318
Insert uitgevoerd voor order ID 30125
Totaal aantal verwerkte orders: 319
Insert uitgevoerd voor order ID 30124
Totaal aantal verwerkte orders: 320
Insert uitgevoerd voor order ID 30123
Totaal aantal verwerkte orders: 321
Insert uitgevoerd voor order ID 30122
Totaal aantal verwerkte orders: 322
Insert uitgevoerd voor order ID 30121
Totaal aantal verwerkte orders: 323
Insert uitgevoerd voor order ID 30120
Totaal aantal verwerkte orders: 324
Insert uitgevoerd voor order ID 30119
Totaal aantal verwerkte orders: 325
Insert uitgevoerd voor order ID 30118
Totaal aantal verwerkte orders: 326
Insert uitgevoerd voor order ID 30113
Totaal aantal verwerkte orders: 327
Insert uitgevoerd voor order ID 30108
Totaal aantal verwerkte orders: 328
Insert uitgevoerd voor order ID 30107
Totaal aantal verwerkte orders: 329
Insert uitgevoerd voor order ID 30106
Totaal aantal verwerkte orders: 330
Insert uitgevoerd voor order ID 30105
Totaal aantal verwerkte orders: 331
Insert uitgevoerd voor order ID 30104
Totaal aantal verwerkte orders: 332
Insert uitgevoerd voor order ID 30103
Totaal aantal verwerkte orders: 333
Insert uitgevoerd voor order ID 30102
Totaal aantal verwerkte orders: 334
Insert uitgevoerd voor order ID 30101
Totaal aantal verwerkte orders: 335
Insert uitgevoerd voor order ID 30098
Totaal aantal verwerkte orders: 336
Insert uitgevoerd voor order ID 30097
Totaal aantal verwerkte orders: 337
Insert uitgevoerd voor order ID 30096
Totaal aantal verwerkte orders: 338
Insert uitgevoerd voor order ID 30095
Totaal aantal verwerkte orders: 339
Insert uitgevoerd voor order ID 30094
Totaal aantal verwerkte orders: 340
Insert uitgevoerd voor order ID 30093
Totaal aantal verwerkte orders: 341
Insert uitgevoerd voor order ID 30092
Totaal aantal verwerkte orders: 342
Insert uitgevoerd voor order ID 30091
Totaal aantal verwerkte orders: 343
Insert uitgevoerd voor order ID 30090
Totaal aantal verwerkte orders: 344
Insert uitgevoerd voor order ID 30089
Totaal aantal verwerkte orders: 345
Insert uitgevoerd voor order ID 30088
Totaal aantal verwerkte orders: 346
Insert uitgevoerd voor order ID 30087
Totaal aantal verwerkte orders: 347
Insert uitgevoerd voor order ID 30086
Totaal aantal verwerkte orders: 348
Insert uitgevoerd voor order ID 30085
Totaal aantal verwerkte orders: 349
Insert uitgevoerd voor order ID 30084
Totaal aantal verwerkte orders: 350
Insert uitgevoerd voor order ID 30083
Totaal aantal verwerkte orders: 351
Insert uitgevoerd voor order ID 30082
Totaal aantal verwerkte orders: 352
Insert uitgevoerd voor order ID 30081
Totaal aantal verwerkte orders: 353
Insert uitgevoerd voor order ID 30080
Totaal aantal verwerkte orders: 354
Insert uitgevoerd voor order ID 30079
Totaal aantal verwerkte orders: 355
Insert uitgevoerd voor order ID 30078
Totaal aantal verwerkte orders: 356
Insert uitgevoerd voor order ID 30077
Totaal aantal verwerkte orders: 357
Insert uitgevoerd voor order ID 30076
Totaal aantal verwerkte orders: 358
Insert uitgevoerd voor order ID 30075
Totaal aantal verwerkte orders: 359
Insert uitgevoerd voor order ID 30074
Totaal aantal verwerkte orders: 360
Insert uitgevoerd voor order ID 30073
Totaal aantal verwerkte orders: 361
Insert uitgevoerd voor order ID 30072
Totaal aantal verwerkte orders: 362
Insert uitgevoerd voor order ID 30071
Totaal aantal verwerkte orders: 363
Insert uitgevoerd voor order ID 30070
Totaal aantal verwerkte orders: 364
Insert uitgevoerd voor order ID 30069
Totaal aantal verwerkte orders: 365
Insert uitgevoerd voor order ID 30068
Totaal aantal verwerkte orders: 366
Insert uitgevoerd voor order ID 30067
Totaal aantal verwerkte orders: 367
Insert uitgevoerd voor order ID 30066
Totaal aantal verwerkte orders: 368
Insert uitgevoerd voor order ID 30065
Totaal aantal verwerkte orders: 369
Insert uitgevoerd voor order ID 30064
Totaal aantal verwerkte orders: 370
Insert uitgevoerd voor order ID 30063
Totaal aantal verwerkte orders: 371
Insert uitgevoerd voor order ID 30061
Totaal aantal verwerkte orders: 372
Insert uitgevoerd voor order ID 30060
Totaal aantal verwerkte orders: 373
Insert uitgevoerd voor order ID 30059
Totaal aantal verwerkte orders: 374
Insert uitgevoerd voor order ID 30058
Totaal aantal verwerkte orders: 375
Insert uitgevoerd voor order ID 30057
Totaal aantal verwerkte orders: 376
Insert uitgevoerd voor order ID 30056
Totaal aantal verwerkte orders: 377
Insert uitgevoerd voor order ID 30055
Totaal aantal verwerkte orders: 378
Insert uitgevoerd voor order ID 30054
Totaal aantal verwerkte orders: 379
Insert uitgevoerd voor order ID 30053
Totaal aantal verwerkte orders: 380
Insert uitgevoerd voor order ID 30051
Totaal aantal verwerkte orders: 381
Insert uitgevoerd voor order ID 30050
Totaal aantal verwerkte orders: 382
Insert uitgevoerd voor order ID 30049
Totaal aantal verwerkte orders: 383
Insert uitgevoerd voor order ID 30048
Totaal aantal verwerkte orders: 384
Insert uitgevoerd voor order ID 30047
Totaal aantal verwerkte orders: 385
Insert uitgevoerd voor order ID 30044
Totaal aantal verwerkte orders: 386
Insert uitgevoerd voor order ID 30043
Totaal aantal verwerkte orders: 387
Insert uitgevoerd voor order ID 30042
Totaal aantal verwerkte orders: 388
Insert uitgevoerd voor order ID 30040
Totaal aantal verwerkte orders: 389
Insert uitgevoerd voor order ID 30039
Totaal aantal verwerkte orders: 390
Insert uitgevoerd voor order ID 30038
Totaal aantal verwerkte orders: 391
Eerste 500 orders opgehaald
Insert uitgevoerd voor order ID 30037
Totaal aantal verwerkte orders: 392
Insert uitgevoerd voor order ID 30036
Totaal aantal verwerkte orders: 393
Insert uitgevoerd voor order ID 30035
Totaal aantal verwerkte orders: 394
Insert uitgevoerd voor order ID 30034
Totaal aantal verwerkte orders: 395
Insert uitgevoerd voor order ID 30032
Totaal aantal verwerkte orders: 396
Insert uitgevoerd voor order ID 30031
Totaal aantal verwerkte orders: 397
Insert uitgevoerd voor order ID 30030
Totaal aantal verwerkte orders: 398
Insert uitgevoerd voor order ID 30029
Totaal aantal verwerkte orders: 399
Insert uitgevoerd voor order ID 30027
Totaal aantal verwerkte orders: 400
Insert uitgevoerd voor order ID 30026
Totaal aantal verwerkte orders: 401
Insert uitgevoerd voor order ID 30025
Totaal aantal verwerkte orders: 402
Insert uitgevoerd voor order ID 30024
Totaal aantal verwerkte orders: 403
Insert uitgevoerd voor order ID 30023
Totaal aantal verwerkte orders: 404
Insert uitgevoerd voor order ID 30021
Totaal aantal verwerkte orders: 405
Insert uitgevoerd voor order ID 30020
Totaal aantal verwerkte orders: 406
Insert uitgevoerd voor order ID 30018
Totaal aantal verwerkte orders: 407
Insert uitgevoerd voor order ID 30017
Totaal aantal verwerkte orders: 408
Insert uitgevoerd voor order ID 30016
Totaal aantal verwerkte orders: 409
Insert uitgevoerd voor order ID 30015
Totaal aantal verwerkte orders: 410
Insert uitgevoerd voor order ID 30014
Totaal aantal verwerkte orders: 411
Insert uitgevoerd voor order ID 30012
Totaal aantal verwerkte orders: 412
Insert uitgevoerd voor order ID 30011
Totaal aantal verwerkte orders: 413
Insert uitgevoerd voor order ID 30010
Totaal aantal verwerkte orders: 414
Insert uitgevoerd voor order ID 30009
Totaal aantal verwerkte orders: 415
Insert uitgevoerd voor order ID 30008
Totaal aantal verwerkte orders: 416
Insert uitgevoerd voor order ID 30007
Totaal aantal verwerkte orders: 417
Insert uitgevoerd voor order ID 30006
Totaal aantal verwerkte orders: 418
Insert uitgevoerd voor order ID 30005
Totaal aantal verwerkte orders: 419
Insert uitgevoerd voor order ID 30004
Totaal aantal verwerkte orders: 420
Insert uitgevoerd voor order ID 30003
Totaal aantal verwerkte orders: 421
Insert uitgevoerd voor order ID 30002
Totaal aantal verwerkte orders: 422
Insert uitgevoerd voor order ID 30001
Totaal aantal verwerkte orders: 423
Insert uitgevoerd voor order ID 30000
Totaal aantal verwerkte orders: 424
Insert uitgevoerd voor order ID 29999
Totaal aantal verwerkte orders: 425
Insert uitgevoerd voor order ID 29998
Totaal aantal verwerkte orders: 426
Insert uitgevoerd voor order ID 29997
Totaal aantal verwerkte orders: 427
Insert uitgevoerd voor order ID 29996
Totaal aantal verwerkte orders: 428
Insert uitgevoerd voor order ID 29995
Totaal aantal verwerkte orders: 429
Insert uitgevoerd voor order ID 29993
Totaal aantal verwerkte orders: 430
Insert uitgevoerd voor order ID 29991
Totaal aantal verwerkte orders: 431
Insert uitgevoerd voor order ID 29990
Totaal aantal verwerkte orders: 432
Insert uitgevoerd voor order ID 29989
Totaal aantal verwerkte orders: 433
Insert uitgevoerd voor order ID 29988
Totaal aantal verwerkte orders: 434
Insert uitgevoerd voor order ID 29987
Totaal aantal verwerkte orders: 435
Insert uitgevoerd voor order ID 29986
Totaal aantal verwerkte orders: 436
Insert uitgevoerd voor order ID 29985
Totaal aantal verwerkte orders: 437
Insert uitgevoerd voor order ID 29984
Totaal aantal verwerkte orders: 438
Insert uitgevoerd voor order ID 29983
Totaal aantal verwerkte orders: 439
Insert uitgevoerd voor order ID 29982
Totaal aantal verwerkte orders: 440
Insert uitgevoerd voor order ID 29981
Totaal aantal verwerkte orders: 441
Insert uitgevoerd voor order ID 29980
Totaal aantal verwerkte orders: 442
Insert uitgevoerd voor order ID 29979
Totaal aantal verwerkte orders: 443
Insert uitgevoerd voor order ID 29978
Totaal aantal verwerkte orders: 444
Insert uitgevoerd voor order ID 29977
Totaal aantal verwerkte orders: 445
Insert uitgevoerd voor order ID 29976
Totaal aantal verwerkte orders: 446
Insert uitgevoerd voor order ID 29975
Totaal aantal verwerkte orders: 447
Insert uitgevoerd voor order ID 29974
Totaal aantal verwerkte orders: 448
Insert uitgevoerd voor order ID 29973
Totaal aantal verwerkte orders: 449
Insert uitgevoerd voor order ID 29972
Totaal aantal verwerkte orders: 450
Insert uitgevoerd voor order ID 29971
Totaal aantal verwerkte orders: 451
Insert uitgevoerd voor order ID 29970
Totaal aantal verwerkte orders: 452
Insert uitgevoerd voor order ID 29969
Totaal aantal verwerkte orders: 453
Insert uitgevoerd voor order ID 29968
Totaal aantal verwerkte orders: 454
Insert uitgevoerd voor order ID 29967
Totaal aantal verwerkte orders: 455
Insert uitgevoerd voor order ID 29966
Totaal aantal verwerkte orders: 456
Insert uitgevoerd voor order ID 29965
Totaal aantal verwerkte orders: 457
Insert uitgevoerd voor order ID 29964
Totaal aantal verwerkte orders: 458
Insert uitgevoerd voor order ID 29963
Totaal aantal verwerkte orders: 459
Insert uitgevoerd voor order ID 29962
Totaal aantal verwerkte orders: 460
Insert uitgevoerd voor order ID 29961
Totaal aantal verwerkte orders: 461
Insert uitgevoerd voor order ID 29960
Totaal aantal verwerkte orders: 462
Insert uitgevoerd voor order ID 29959
Totaal aantal verwerkte orders: 463
Insert uitgevoerd voor order ID 29958
Totaal aantal verwerkte orders: 464
Insert uitgevoerd voor order ID 29957
Totaal aantal verwerkte orders: 465
Insert uitgevoerd voor order ID 29956
Totaal aantal verwerkte orders: 466
Insert uitgevoerd voor order ID 29955
Totaal aantal verwerkte orders: 467
Insert uitgevoerd voor order ID 29954
Totaal aantal verwerkte orders: 468
Insert uitgevoerd voor order ID 29953
Totaal aantal verwerkte orders: 469
Insert uitgevoerd voor order ID 29952
Totaal aantal verwerkte orders: 470
Insert uitgevoerd voor order ID 29951
Totaal aantal verwerkte orders: 471
Insert uitgevoerd voor order ID 29950
Totaal aantal verwerkte orders: 472
Insert uitgevoerd voor order ID 29949
Totaal aantal verwerkte orders: 473
Insert uitgevoerd voor order ID 29948
Totaal aantal verwerkte orders: 474
Insert uitgevoerd voor order ID 29946
Totaal aantal verwerkte orders: 475
Insert uitgevoerd voor order ID 29945
Totaal aantal verwerkte orders: 476
Insert uitgevoerd voor order ID 29944
Totaal aantal verwerkte orders: 477
Insert uitgevoerd voor order ID 29943
Totaal aantal verwerkte orders: 478
Insert uitgevoerd voor order ID 29942
Totaal aantal verwerkte orders: 479
Insert uitgevoerd voor order ID 29941
Totaal aantal verwerkte orders: 480
Insert uitgevoerd voor order ID 29940
Totaal aantal verwerkte orders: 481
Insert uitgevoerd voor order ID 29939
Totaal aantal verwerkte orders: 482
Insert uitgevoerd voor order ID 29938
Totaal aantal verwerkte orders: 483
Insert uitgevoerd voor order ID 29937
Totaal aantal verwerkte orders: 484
Insert uitgevoerd voor order ID 29936
Totaal aantal verwerkte orders: 485
Insert uitgevoerd voor order ID 29935
Totaal aantal verwerkte orders: 486
Insert uitgevoerd voor order ID 29934
Totaal aantal verwerkte orders: 487
Insert uitgevoerd voor order ID 29933
Totaal aantal verwerkte orders: 488
Insert uitgevoerd voor order ID 29930
Totaal aantal verwerkte orders: 489
Eerste 600 orders opgehaald
Insert uitgevoerd voor order ID 29929
Totaal aantal verwerkte orders: 490
Insert uitgevoerd voor order ID 29928
Totaal aantal verwerkte orders: 491
Insert uitgevoerd voor order ID 29926
Totaal aantal verwerkte orders: 492
Insert uitgevoerd voor order ID 29925
Totaal aantal verwerkte orders: 493
Insert uitgevoerd voor order ID 29924
Totaal aantal verwerkte orders: 494
Insert uitgevoerd voor order ID 29923
Totaal aantal verwerkte orders: 495
Insert uitgevoerd voor order ID 29922
Totaal aantal verwerkte orders: 496
Insert uitgevoerd voor order ID 29921
Totaal aantal verwerkte orders: 497
Insert uitgevoerd voor order ID 29920
Totaal aantal verwerkte orders: 498
Insert uitgevoerd voor order ID 29917
Totaal aantal verwerkte orders: 499
Insert uitgevoerd voor order ID 29916
Totaal aantal verwerkte orders: 500
Insert uitgevoerd voor order ID 29915
Totaal aantal verwerkte orders: 501
Insert uitgevoerd voor order ID 29914
Totaal aantal verwerkte orders: 502
Insert uitgevoerd voor order ID 29913
Totaal aantal verwerkte orders: 503
Insert uitgevoerd voor order ID 29912
Totaal aantal verwerkte orders: 504
Insert uitgevoerd voor order ID 29911
Totaal aantal verwerkte orders: 505
Insert uitgevoerd voor order ID 29910
Totaal aantal verwerkte orders: 506
Insert uitgevoerd voor order ID 29909
Totaal aantal verwerkte orders: 507
Insert uitgevoerd voor order ID 29908
Totaal aantal verwerkte orders: 508
Insert uitgevoerd voor order ID 29907
Totaal aantal verwerkte orders: 509
Insert uitgevoerd voor order ID 29906
Totaal aantal verwerkte orders: 510
Insert uitgevoerd voor order ID 29905
Totaal aantal verwerkte orders: 511
Insert uitgevoerd voor order ID 29904
Totaal aantal verwerkte orders: 512
Insert uitgevoerd voor order ID 29903
Totaal aantal verwerkte orders: 513
Insert uitgevoerd voor order ID 29901
Totaal aantal verwerkte orders: 514
Insert uitgevoerd voor order ID 29900
Totaal aantal verwerkte orders: 515
Insert uitgevoerd voor order ID 29899
Totaal aantal verwerkte orders: 516
Insert uitgevoerd voor order ID 29898
Totaal aantal verwerkte orders: 517
Insert uitgevoerd voor order ID 29897
Totaal aantal verwerkte orders: 518
Insert uitgevoerd voor order ID 29896
Totaal aantal verwerkte orders: 519
Insert uitgevoerd voor order ID 29895
Totaal aantal verwerkte orders: 520
Insert uitgevoerd voor order ID 29894
Totaal aantal verwerkte orders: 521
Insert uitgevoerd voor order ID 29893
Totaal aantal verwerkte orders: 522
Insert uitgevoerd voor order ID 29892
Totaal aantal verwerkte orders: 523
Insert uitgevoerd voor order ID 29891
Totaal aantal verwerkte orders: 524
Insert uitgevoerd voor order ID 29889
Totaal aantal verwerkte orders: 525
Insert uitgevoerd voor order ID 29888
Totaal aantal verwerkte orders: 526
Insert uitgevoerd voor order ID 29887
Totaal aantal verwerkte orders: 527
Insert uitgevoerd voor order ID 29886
Totaal aantal verwerkte orders: 528
Insert uitgevoerd voor order ID 29885
Totaal aantal verwerkte orders: 529
Insert uitgevoerd voor order ID 29874
Totaal aantal verwerkte orders: 530
Insert uitgevoerd voor order ID 29873
Totaal aantal verwerkte orders: 531
Insert uitgevoerd voor order ID 29872
Totaal aantal verwerkte orders: 532
Insert uitgevoerd voor order ID 29871
Totaal aantal verwerkte orders: 533
Insert uitgevoerd voor order ID 29870
Totaal aantal verwerkte orders: 534
Insert uitgevoerd voor order ID 29869
Totaal aantal verwerkte orders: 535
Insert uitgevoerd voor order ID 29868
Totaal aantal verwerkte orders: 536
Insert uitgevoerd voor order ID 29867
Totaal aantal verwerkte orders: 537
Insert uitgevoerd voor order ID 29866
Totaal aantal verwerkte orders: 538
Insert uitgevoerd voor order ID 29865
Totaal aantal verwerkte orders: 539
Insert uitgevoerd voor order ID 29864
Totaal aantal verwerkte orders: 540
Insert uitgevoerd voor order ID 29863
Totaal aantal verwerkte orders: 541
Insert uitgevoerd voor order ID 29862
Totaal aantal verwerkte orders: 542
Insert uitgevoerd voor order ID 29861
Totaal aantal verwerkte orders: 543
Insert uitgevoerd voor order ID 29860
Totaal aantal verwerkte orders: 544
Insert uitgevoerd voor order ID 29859
Totaal aantal verwerkte orders: 545
Insert uitgevoerd voor order ID 29853
Totaal aantal verwerkte orders: 546
Insert uitgevoerd voor order ID 29852
Totaal aantal verwerkte orders: 547
Insert uitgevoerd voor order ID 29851
Totaal aantal verwerkte orders: 548
Insert uitgevoerd voor order ID 29850
Totaal aantal verwerkte orders: 549
Insert uitgevoerd voor order ID 29849
Totaal aantal verwerkte orders: 550
Insert uitgevoerd voor order ID 29848
Totaal aantal verwerkte orders: 551
Insert uitgevoerd voor order ID 29847
Totaal aantal verwerkte orders: 552
Insert uitgevoerd voor order ID 29846
Totaal aantal verwerkte orders: 553
Insert uitgevoerd voor order ID 29845
Totaal aantal verwerkte orders: 554
Insert uitgevoerd voor order ID 29844
Totaal aantal verwerkte orders: 555
Insert uitgevoerd voor order ID 29843
Totaal aantal verwerkte orders: 556
Insert uitgevoerd voor order ID 29842
Totaal aantal verwerkte orders: 557
Insert uitgevoerd voor order ID 29841
Totaal aantal verwerkte orders: 558
Insert uitgevoerd voor order ID 29839
Totaal aantal verwerkte orders: 559
Insert uitgevoerd voor order ID 29838
Totaal aantal verwerkte orders: 560
Insert uitgevoerd voor order ID 29837
Totaal aantal verwerkte orders: 561
Insert uitgevoerd voor order ID 29836
Totaal aantal verwerkte orders: 562
Insert uitgevoerd voor order ID 29835
Totaal aantal verwerkte orders: 563
Insert uitgevoerd voor order ID 29834
Totaal aantal verwerkte orders: 564
Insert uitgevoerd voor order ID 29832
Totaal aantal verwerkte orders: 565
Insert uitgevoerd voor order ID 29831
Totaal aantal verwerkte orders: 566
Insert uitgevoerd voor order ID 29830
Totaal aantal verwerkte orders: 567
Insert uitgevoerd voor order ID 29829
Totaal aantal verwerkte orders: 568
Insert uitgevoerd voor order ID 29828
Totaal aantal verwerkte orders: 569
Insert uitgevoerd voor order ID 29827
Totaal aantal verwerkte orders: 570
Insert uitgevoerd voor order ID 29826
Totaal aantal verwerkte orders: 571
Insert uitgevoerd voor order ID 29825
Totaal aantal verwerkte orders: 572
Insert uitgevoerd voor order ID 29823
Totaal aantal verwerkte orders: 573
Insert uitgevoerd voor order ID 29822
Totaal aantal verwerkte orders: 574
Insert uitgevoerd voor order ID 29820
Totaal aantal verwerkte orders: 575
Insert uitgevoerd voor order ID 29819
Totaal aantal verwerkte orders: 576
Insert uitgevoerd voor order ID 29818
Totaal aantal verwerkte orders: 577
Insert uitgevoerd voor order ID 29817
Totaal aantal verwerkte orders: 578
Insert uitgevoerd voor order ID 29816
Totaal aantal verwerkte orders: 579
Insert uitgevoerd voor order ID 29815
Totaal aantal verwerkte orders: 580
Insert uitgevoerd voor order ID 29814
Totaal aantal verwerkte orders: 581
Insert uitgevoerd voor order ID 29812
Totaal aantal verwerkte orders: 582
Insert uitgevoerd voor order ID 29811
Totaal aantal verwerkte orders: 583
Insert uitgevoerd voor order ID 29810
Totaal aantal verwerkte orders: 584
Insert uitgevoerd voor order ID 29809
Totaal aantal verwerkte orders: 585
Eerste 700 orders opgehaald
Insert uitgevoerd voor order ID 29808
Totaal aantal verwerkte orders: 586
Insert uitgevoerd voor order ID 29807
Totaal aantal verwerkte orders: 587
Insert uitgevoerd voor order ID 29806
Totaal aantal verwerkte orders: 588
Insert uitgevoerd voor order ID 29805
Totaal aantal verwerkte orders: 589
Insert uitgevoerd voor order ID 29804
Totaal aantal verwerkte orders: 590
Insert uitgevoerd voor order ID 29803
Totaal aantal verwerkte orders: 591
Insert uitgevoerd voor order ID 29802
Totaal aantal verwerkte orders: 592
Insert uitgevoerd voor order ID 29801
Totaal aantal verwerkte orders: 593
Insert uitgevoerd voor order ID 29800
Totaal aantal verwerkte orders: 594
Insert uitgevoerd voor order ID 29799
Totaal aantal verwerkte orders: 595
Insert uitgevoerd voor order ID 29798
Totaal aantal verwerkte orders: 596
Insert uitgevoerd voor order ID 29797
Totaal aantal verwerkte orders: 597
Insert uitgevoerd voor order ID 29796
Totaal aantal verwerkte orders: 598
Insert uitgevoerd voor order ID 29795
Totaal aantal verwerkte orders: 599
Insert uitgevoerd voor order ID 29794
Totaal aantal verwerkte orders: 600
Insert uitgevoerd voor order ID 29793
Totaal aantal verwerkte orders: 601
Insert uitgevoerd voor order ID 29792
Totaal aantal verwerkte orders: 602
Insert uitgevoerd voor order ID 29791
Totaal aantal verwerkte orders: 603
Insert uitgevoerd voor order ID 29790
Totaal aantal verwerkte orders: 604
Insert uitgevoerd voor order ID 29789
Totaal aantal verwerkte orders: 605
Insert uitgevoerd voor order ID 29787
Totaal aantal verwerkte orders: 606
Insert uitgevoerd voor order ID 29786
Totaal aantal verwerkte orders: 607
Insert uitgevoerd voor order ID 29785
Totaal aantal verwerkte orders: 608
Insert uitgevoerd voor order ID 29784
Totaal aantal verwerkte orders: 609
Insert uitgevoerd voor order ID 29782
Totaal aantal verwerkte orders: 610
Insert uitgevoerd voor order ID 29781
Totaal aantal verwerkte orders: 611
Insert uitgevoerd voor order ID 29780
Totaal aantal verwerkte orders: 612
Insert uitgevoerd voor order ID 29779
Totaal aantal verwerkte orders: 613
Insert uitgevoerd voor order ID 29778
Totaal aantal verwerkte orders: 614
Insert uitgevoerd voor order ID 29777
Totaal aantal verwerkte orders: 615
Insert uitgevoerd voor order ID 29774
Totaal aantal verwerkte orders: 616
Insert uitgevoerd voor order ID 29773
Totaal aantal verwerkte orders: 617
Insert uitgevoerd voor order ID 29772
Totaal aantal verwerkte orders: 618
Insert uitgevoerd voor order ID 29771
Totaal aantal verwerkte orders: 619
Insert uitgevoerd voor order ID 29770
Totaal aantal verwerkte orders: 620
Insert uitgevoerd voor order ID 29769
Totaal aantal verwerkte orders: 621
Insert uitgevoerd voor order ID 29768
Totaal aantal verwerkte orders: 622
Insert uitgevoerd voor order ID 29767
Totaal aantal verwerkte orders: 623
Insert uitgevoerd voor order ID 29766
Totaal aantal verwerkte orders: 624
Insert uitgevoerd voor order ID 29765
Totaal aantal verwerkte orders: 625
Insert uitgevoerd voor order ID 29764
Totaal aantal verwerkte orders: 626
Insert uitgevoerd voor order ID 29763
Totaal aantal verwerkte orders: 627
Insert uitgevoerd voor order ID 29762
Totaal aantal verwerkte orders: 628
Insert uitgevoerd voor order ID 29761
Totaal aantal verwerkte orders: 629
Insert uitgevoerd voor order ID 29760
Totaal aantal verwerkte orders: 630
Insert uitgevoerd voor order ID 29759
Totaal aantal verwerkte orders: 631
Insert uitgevoerd voor order ID 29758
Totaal aantal verwerkte orders: 632
Insert uitgevoerd voor order ID 29757
Totaal aantal verwerkte orders: 633
Insert uitgevoerd voor order ID 29756
Totaal aantal verwerkte orders: 634
Insert uitgevoerd voor order ID 29755
Totaal aantal verwerkte orders: 635
Insert uitgevoerd voor order ID 29754
Totaal aantal verwerkte orders: 636
Insert uitgevoerd voor order ID 29753
Totaal aantal verwerkte orders: 637
Insert uitgevoerd voor order ID 29752
Totaal aantal verwerkte orders: 638
Insert uitgevoerd voor order ID 29735
Totaal aantal verwerkte orders: 639
Insert uitgevoerd voor order ID 29733
Totaal aantal verwerkte orders: 640
Insert uitgevoerd voor order ID 29732
Totaal aantal verwerkte orders: 641
Insert uitgevoerd voor order ID 29731
Totaal aantal verwerkte orders: 642
Insert uitgevoerd voor order ID 29730
Totaal aantal verwerkte orders: 643
Insert uitgevoerd voor order ID 29729
Totaal aantal verwerkte orders: 644
Insert uitgevoerd voor order ID 29728
Totaal aantal verwerkte orders: 645
Insert uitgevoerd voor order ID 29727
Totaal aantal verwerkte orders: 646
Insert uitgevoerd voor order ID 29725
Totaal aantal verwerkte orders: 647
Insert uitgevoerd voor order ID 29723
Totaal aantal verwerkte orders: 648
Insert uitgevoerd voor order ID 29722
Totaal aantal verwerkte orders: 649
Insert uitgevoerd voor order ID 29721
Totaal aantal verwerkte orders: 650
Insert uitgevoerd voor order ID 29720
Totaal aantal verwerkte orders: 651
Insert uitgevoerd voor order ID 29717
Totaal aantal verwerkte orders: 652
Insert uitgevoerd voor order ID 29714
Totaal aantal verwerkte orders: 653
Insert uitgevoerd voor order ID 29713
Totaal aantal verwerkte orders: 654
Insert uitgevoerd voor order ID 29712
Totaal aantal verwerkte orders: 655
Insert uitgevoerd voor order ID 29697
Totaal aantal verwerkte orders: 656
Insert uitgevoerd voor order ID 29696
Totaal aantal verwerkte orders: 657
Insert uitgevoerd voor order ID 29695
Totaal aantal verwerkte orders: 658
Insert uitgevoerd voor order ID 29694
Totaal aantal verwerkte orders: 659
Insert uitgevoerd voor order ID 29691
Totaal aantal verwerkte orders: 660
Insert uitgevoerd voor order ID 29690
Totaal aantal verwerkte orders: 661
Insert uitgevoerd voor order ID 29689
Totaal aantal verwerkte orders: 662
Insert uitgevoerd voor order ID 29688
Totaal aantal verwerkte orders: 663
Insert uitgevoerd voor order ID 29685
Totaal aantal verwerkte orders: 664
Insert uitgevoerd voor order ID 29683
Totaal aantal verwerkte orders: 665
Insert uitgevoerd voor order ID 29681
Totaal aantal verwerkte orders: 666
Insert uitgevoerd voor order ID 29675
Totaal aantal verwerkte orders: 667
Insert uitgevoerd voor order ID 29674
Totaal aantal verwerkte orders: 668
Insert uitgevoerd voor order ID 29627
Totaal aantal verwerkte orders: 669
Insert uitgevoerd voor order ID 29626
Totaal aantal verwerkte orders: 670
Insert uitgevoerd voor order ID 29624
Totaal aantal verwerkte orders: 671
Insert uitgevoerd voor order ID 29621
Totaal aantal verwerkte orders: 672
Insert uitgevoerd voor order ID 29617
Totaal aantal verwerkte orders: 673
Insert uitgevoerd voor order ID 29616
Totaal aantal verwerkte orders: 674
Insert uitgevoerd voor order ID 29615
Totaal aantal verwerkte orders: 675
Insert uitgevoerd voor order ID 29614
Totaal aantal verwerkte orders: 676
Insert uitgevoerd voor order ID 29613
Totaal aantal verwerkte orders: 677
Insert uitgevoerd voor order ID 29612
Totaal aantal verwerkte orders: 678
Insert uitgevoerd voor order ID 29611
Totaal aantal verwerkte orders: 679
Insert uitgevoerd voor order ID 29610
Totaal aantal verwerkte orders: 680
Insert uitgevoerd voor order ID 29609
Totaal aantal verwerkte orders: 681
Insert uitgevoerd voor order ID 29608
Totaal aantal verwerkte orders: 682
Insert uitgevoerd voor order ID 29607
Totaal aantal verwerkte orders: 683
Eerste 800 orders opgehaald
Insert uitgevoerd voor order ID 29604
Totaal aantal verwerkte orders: 684
Insert uitgevoerd voor order ID 29603
Totaal aantal verwerkte orders: 685
Insert uitgevoerd voor order ID 29602
Totaal aantal verwerkte orders: 686
Insert uitgevoerd voor order ID 29601
Totaal aantal verwerkte orders: 687
Insert uitgevoerd voor order ID 29600
Totaal aantal verwerkte orders: 688
Insert uitgevoerd voor order ID 29599
Totaal aantal verwerkte orders: 689
Insert uitgevoerd voor order ID 29598
Totaal aantal verwerkte orders: 690
Insert uitgevoerd voor order ID 29597
Totaal aantal verwerkte orders: 691
Insert uitgevoerd voor order ID 29596
Totaal aantal verwerkte orders: 692
Insert uitgevoerd voor order ID 29573
Totaal aantal verwerkte orders: 693
Insert uitgevoerd voor order ID 29572
Totaal aantal verwerkte orders: 694
Insert uitgevoerd voor order ID 29571
Totaal aantal verwerkte orders: 695
Insert uitgevoerd voor order ID 29570
Totaal aantal verwerkte orders: 696
Insert uitgevoerd voor order ID 29568
Totaal aantal verwerkte orders: 697
Insert uitgevoerd voor order ID 29567
Totaal aantal verwerkte orders: 698
Insert uitgevoerd voor order ID 29566
Totaal aantal verwerkte orders: 699
Insert uitgevoerd voor order ID 29564
Totaal aantal verwerkte orders: 700
Insert uitgevoerd voor order ID 29563
Totaal aantal verwerkte orders: 701
Insert uitgevoerd voor order ID 29562
Totaal aantal verwerkte orders: 702
Insert uitgevoerd voor order ID 29561
Totaal aantal verwerkte orders: 703
Insert uitgevoerd voor order ID 29560
Totaal aantal verwerkte orders: 704
Insert uitgevoerd voor order ID 29558
Totaal aantal verwerkte orders: 705
Insert uitgevoerd voor order ID 29557
Totaal aantal verwerkte orders: 706
Insert uitgevoerd voor order ID 29555
Totaal aantal verwerkte orders: 707
Insert uitgevoerd voor order ID 29554
Totaal aantal verwerkte orders: 708
Insert uitgevoerd voor order ID 29552
Totaal aantal verwerkte orders: 709
Insert uitgevoerd voor order ID 29551
Totaal aantal verwerkte orders: 710
Insert uitgevoerd voor order ID 29550
Totaal aantal verwerkte orders: 711
Insert uitgevoerd voor order ID 29548
Totaal aantal verwerkte orders: 712
Insert uitgevoerd voor order ID 29547
Totaal aantal verwerkte orders: 713
Insert uitgevoerd voor order ID 29545
Totaal aantal verwerkte orders: 714
Insert uitgevoerd voor order ID 29544
Totaal aantal verwerkte orders: 715
Insert uitgevoerd voor order ID 29543
Totaal aantal verwerkte orders: 716
Insert uitgevoerd voor order ID 29542
Totaal aantal verwerkte orders: 717
Insert uitgevoerd voor order ID 29540
Totaal aantal verwerkte orders: 718
Insert uitgevoerd voor order ID 29539
Totaal aantal verwerkte orders: 719
Insert uitgevoerd voor order ID 29538
Totaal aantal verwerkte orders: 720
Insert uitgevoerd voor order ID 29537
Totaal aantal verwerkte orders: 721
Insert uitgevoerd voor order ID 29536
Totaal aantal verwerkte orders: 722
Insert uitgevoerd voor order ID 29535
Totaal aantal verwerkte orders: 723
Insert uitgevoerd voor order ID 29534
Totaal aantal verwerkte orders: 724
Insert uitgevoerd voor order ID 29533
Totaal aantal verwerkte orders: 725
Insert uitgevoerd voor order ID 29532
Totaal aantal verwerkte orders: 726
Insert uitgevoerd voor order ID 29531
Totaal aantal verwerkte orders: 727
Insert uitgevoerd voor order ID 29529
Totaal aantal verwerkte orders: 728
Insert uitgevoerd voor order ID 29528
Totaal aantal verwerkte orders: 729
Insert uitgevoerd voor order ID 29527
Totaal aantal verwerkte orders: 730
Insert uitgevoerd voor order ID 29526
Totaal aantal verwerkte orders: 731
Insert uitgevoerd voor order ID 29525
Totaal aantal verwerkte orders: 732
Insert uitgevoerd voor order ID 29524
Totaal aantal verwerkte orders: 733
Insert uitgevoerd voor order ID 29523
Totaal aantal verwerkte orders: 734
Insert uitgevoerd voor order ID 29521
Totaal aantal verwerkte orders: 735
Insert uitgevoerd voor order ID 29520
Totaal aantal verwerkte orders: 736
Insert uitgevoerd voor order ID 29518
Totaal aantal verwerkte orders: 737
Insert uitgevoerd voor order ID 29516
Totaal aantal verwerkte orders: 738
Insert uitgevoerd voor order ID 29515
Totaal aantal verwerkte orders: 739
Insert uitgevoerd voor order ID 29512
Totaal aantal verwerkte orders: 740
Insert uitgevoerd voor order ID 29511
Totaal aantal verwerkte orders: 741
Insert uitgevoerd voor order ID 29510
Totaal aantal verwerkte orders: 742
Insert uitgevoerd voor order ID 29509
Totaal aantal verwerkte orders: 743
Insert uitgevoerd voor order ID 29508
Totaal aantal verwerkte orders: 744
Insert uitgevoerd voor order ID 29507
Totaal aantal verwerkte orders: 745
Insert uitgevoerd voor order ID 29506
Totaal aantal verwerkte orders: 746
Insert uitgevoerd voor order ID 29505
Totaal aantal verwerkte orders: 747
Insert uitgevoerd voor order ID 29504
Totaal aantal verwerkte orders: 748
Insert uitgevoerd voor order ID 29502
Totaal aantal verwerkte orders: 749
Insert uitgevoerd voor order ID 29501
Totaal aantal verwerkte orders: 750
Insert uitgevoerd voor order ID 29500
Totaal aantal verwerkte orders: 751
Insert uitgevoerd voor order ID 29499
Totaal aantal verwerkte orders: 752
Insert uitgevoerd voor order ID 29498
Totaal aantal verwerkte orders: 753
Insert uitgevoerd voor order ID 29497
Totaal aantal verwerkte orders: 754
Insert uitgevoerd voor order ID 29494
Totaal aantal verwerkte orders: 755
Insert uitgevoerd voor order ID 29493
Totaal aantal verwerkte orders: 756
Insert uitgevoerd voor order ID 29492
Totaal aantal verwerkte orders: 757
Insert uitgevoerd voor order ID 29491
Totaal aantal verwerkte orders: 758
Insert uitgevoerd voor order ID 29487
Totaal aantal verwerkte orders: 759
Insert uitgevoerd voor order ID 29486
Totaal aantal verwerkte orders: 760
Insert uitgevoerd voor order ID 29485
Totaal aantal verwerkte orders: 761
Insert uitgevoerd voor order ID 29484
Totaal aantal verwerkte orders: 762
Insert uitgevoerd voor order ID 29483
Totaal aantal verwerkte orders: 763
Insert uitgevoerd voor order ID 29482
Totaal aantal verwerkte orders: 764
Insert uitgevoerd voor order ID 29481
Totaal aantal verwerkte orders: 765
Insert uitgevoerd voor order ID 29479
Totaal aantal verwerkte orders: 766
Insert uitgevoerd voor order ID 29476
Totaal aantal verwerkte orders: 767
Insert uitgevoerd voor order ID 29475
Totaal aantal verwerkte orders: 768
Insert uitgevoerd voor order ID 29473
Totaal aantal verwerkte orders: 769
Insert uitgevoerd voor order ID 29472
Totaal aantal verwerkte orders: 770
Insert uitgevoerd voor order ID 29469
Totaal aantal verwerkte orders: 771
Insert uitgevoerd voor order ID 29468
Totaal aantal verwerkte orders: 772
Insert uitgevoerd voor order ID 29465
Totaal aantal verwerkte orders: 773
Insert uitgevoerd voor order ID 29463
Totaal aantal verwerkte orders: 774
Insert uitgevoerd voor order ID 29462
Totaal aantal verwerkte orders: 775
Insert uitgevoerd voor order ID 29461
Totaal aantal verwerkte orders: 776
Insert uitgevoerd voor order ID 29460
Totaal aantal verwerkte orders: 777
Insert uitgevoerd voor order ID 29459
Totaal aantal verwerkte orders: 778
Insert uitgevoerd voor order ID 29458
Totaal aantal verwerkte orders: 779
Insert uitgevoerd voor order ID 29457
Totaal aantal verwerkte orders: 780
Insert uitgevoerd voor order ID 29456
Totaal aantal verwerkte orders: 781
Insert uitgevoerd voor order ID 29455
Totaal aantal verwerkte orders: 782
Eerste 900 orders opgehaald
Insert uitgevoerd voor order ID 29454
Totaal aantal verwerkte orders: 783
Insert uitgevoerd voor order ID 29451
Totaal aantal verwerkte orders: 784
Insert uitgevoerd voor order ID 29450
Totaal aantal verwerkte orders: 785
Insert uitgevoerd voor order ID 29448
Totaal aantal verwerkte orders: 786
Insert uitgevoerd voor order ID 29446
Totaal aantal verwerkte orders: 787
Insert uitgevoerd voor order ID 29444
Totaal aantal verwerkte orders: 788
Insert uitgevoerd voor order ID 29443
Totaal aantal verwerkte orders: 789
Insert uitgevoerd voor order ID 29442
Totaal aantal verwerkte orders: 790
Insert uitgevoerd voor order ID 29441
Totaal aantal verwerkte orders: 791
Insert uitgevoerd voor order ID 29440
Totaal aantal verwerkte orders: 792
Insert uitgevoerd voor order ID 29439
Totaal aantal verwerkte orders: 793
Insert uitgevoerd voor order ID 29438
Totaal aantal verwerkte orders: 794
Insert uitgevoerd voor order ID 29437
Totaal aantal verwerkte orders: 795
Insert uitgevoerd voor order ID 29434
Totaal aantal verwerkte orders: 796
Insert uitgevoerd voor order ID 29433
Totaal aantal verwerkte orders: 797
Insert uitgevoerd voor order ID 29432
Totaal aantal verwerkte orders: 798
Insert uitgevoerd voor order ID 29431
Totaal aantal verwerkte orders: 799
Insert uitgevoerd voor order ID 29430
Totaal aantal verwerkte orders: 800
Insert uitgevoerd voor order ID 29429
Totaal aantal verwerkte orders: 801
Insert uitgevoerd voor order ID 29428
Totaal aantal verwerkte orders: 802
Insert uitgevoerd voor order ID 29427
Totaal aantal verwerkte orders: 803
Insert uitgevoerd voor order ID 29425
Totaal aantal verwerkte orders: 804
Insert uitgevoerd voor order ID 29424
Totaal aantal verwerkte orders: 805
Insert uitgevoerd voor order ID 29423
Totaal aantal verwerkte orders: 806
Insert uitgevoerd voor order ID 29422
Totaal aantal verwerkte orders: 807
Insert uitgevoerd voor order ID 29421
Totaal aantal verwerkte orders: 808
Insert uitgevoerd voor order ID 29420
Totaal aantal verwerkte orders: 809
Insert uitgevoerd voor order ID 29419
Totaal aantal verwerkte orders: 810
Insert uitgevoerd voor order ID 29418
Totaal aantal verwerkte orders: 811
Insert uitgevoerd voor order ID 29417
Totaal aantal verwerkte orders: 812
Insert uitgevoerd voor order ID 29416
Totaal aantal verwerkte orders: 813
Insert uitgevoerd voor order ID 29415
Totaal aantal verwerkte orders: 814
Insert uitgevoerd voor order ID 29413
Totaal aantal verwerkte orders: 815
Insert uitgevoerd voor order ID 29412
Totaal aantal verwerkte orders: 816
Insert uitgevoerd voor order ID 29410
Totaal aantal verwerkte orders: 817
Insert uitgevoerd voor order ID 29409
Totaal aantal verwerkte orders: 818
Insert uitgevoerd voor order ID 29408
Totaal aantal verwerkte orders: 819
Insert uitgevoerd voor order ID 29407
Totaal aantal verwerkte orders: 820
Insert uitgevoerd voor order ID 29406
Totaal aantal verwerkte orders: 821
Insert uitgevoerd voor order ID 29405
Totaal aantal verwerkte orders: 822
Insert uitgevoerd voor order ID 29404
Totaal aantal verwerkte orders: 823
Insert uitgevoerd voor order ID 29403
Totaal aantal verwerkte orders: 824
Insert uitgevoerd voor order ID 29402
Totaal aantal verwerkte orders: 825
Insert uitgevoerd voor order ID 29399
Totaal aantal verwerkte orders: 826
Insert uitgevoerd voor order ID 29398
Totaal aantal verwerkte orders: 827
Insert uitgevoerd voor order ID 29397
Totaal aantal verwerkte orders: 828
Insert uitgevoerd voor order ID 29396
Totaal aantal verwerkte orders: 829
Insert uitgevoerd voor order ID 29395
Totaal aantal verwerkte orders: 830
Insert uitgevoerd voor order ID 29394
Totaal aantal verwerkte orders: 831
Insert uitgevoerd voor order ID 29392
Totaal aantal verwerkte orders: 832
Insert uitgevoerd voor order ID 29391
Totaal aantal verwerkte orders: 833
Insert uitgevoerd voor order ID 29389
Totaal aantal verwerkte orders: 834
Insert uitgevoerd voor order ID 29388
Totaal aantal verwerkte orders: 835
Insert uitgevoerd voor order ID 29386
Totaal aantal verwerkte orders: 836
Insert uitgevoerd voor order ID 29385
Totaal aantal verwerkte orders: 837
Insert uitgevoerd voor order ID 29384
Totaal aantal verwerkte orders: 838
Insert uitgevoerd voor order ID 29380
Totaal aantal verwerkte orders: 839
Insert uitgevoerd voor order ID 29379
Totaal aantal verwerkte orders: 840
Insert uitgevoerd voor order ID 29378
Totaal aantal verwerkte orders: 841
Insert uitgevoerd voor order ID 29377
Totaal aantal verwerkte orders: 842
Insert uitgevoerd voor order ID 29376
Totaal aantal verwerkte orders: 843
Insert uitgevoerd voor order ID 29375
Totaal aantal verwerkte orders: 844
Insert uitgevoerd voor order ID 29374
Totaal aantal verwerkte orders: 845
Insert uitgevoerd voor order ID 29373
Totaal aantal verwerkte orders: 846
Insert uitgevoerd voor order ID 29370
Totaal aantal verwerkte orders: 847
Insert uitgevoerd voor order ID 29369
Totaal aantal verwerkte orders: 848
Insert uitgevoerd voor order ID 29366
Totaal aantal verwerkte orders: 849
Insert uitgevoerd voor order ID 29365
Totaal aantal verwerkte orders: 850
Insert uitgevoerd voor order ID 29364
Totaal aantal verwerkte orders: 851
Insert uitgevoerd voor order ID 29363
Totaal aantal verwerkte orders: 852
Insert uitgevoerd voor order ID 29362
Totaal aantal verwerkte orders: 853
Insert uitgevoerd voor order ID 29361
Totaal aantal verwerkte orders: 854
Insert uitgevoerd voor order ID 29360
Totaal aantal verwerkte orders: 855
Insert uitgevoerd voor order ID 29359
Totaal aantal verwerkte orders: 856
Insert uitgevoerd voor order ID 29357
Totaal aantal verwerkte orders: 857
Insert uitgevoerd voor order ID 29353
Totaal aantal verwerkte orders: 858
Insert uitgevoerd voor order ID 29352
Totaal aantal verwerkte orders: 859
Insert uitgevoerd voor order ID 29350
Totaal aantal verwerkte orders: 860
Insert uitgevoerd voor order ID 29349
Totaal aantal verwerkte orders: 861
Insert uitgevoerd voor order ID 29348
Totaal aantal verwerkte orders: 862
Insert uitgevoerd voor order ID 29346
Totaal aantal verwerkte orders: 863
Insert uitgevoerd voor order ID 29345
Totaal aantal verwerkte orders: 864
Insert uitgevoerd voor order ID 29344
Totaal aantal verwerkte orders: 865
Insert uitgevoerd voor order ID 29343
Totaal aantal verwerkte orders: 866
Insert uitgevoerd voor order ID 29342
Totaal aantal verwerkte orders: 867
Insert uitgevoerd voor order ID 29341
Totaal aantal verwerkte orders: 868
Insert uitgevoerd voor order ID 29340
Totaal aantal verwerkte orders: 869
Insert uitgevoerd voor order ID 29339
Totaal aantal verwerkte orders: 870
Insert uitgevoerd voor order ID 29338
Totaal aantal verwerkte orders: 871
Insert uitgevoerd voor order ID 29337
Totaal aantal verwerkte orders: 872
Insert uitgevoerd voor order ID 29336
Totaal aantal verwerkte orders: 873
Insert uitgevoerd voor order ID 29335
Totaal aantal verwerkte orders: 874
Insert uitgevoerd voor order ID 29334
Totaal aantal verwerkte orders: 875
Insert uitgevoerd voor order ID 29333
Totaal aantal verwerkte orders: 876
Insert uitgevoerd voor order ID 29331
Totaal aantal verwerkte orders: 877
Insert uitgevoerd voor order ID 29330
Totaal aantal verwerkte orders: 878
Insert uitgevoerd voor order ID 29329
Totaal aantal verwerkte orders: 879
Insert uitgevoerd voor order ID 29327
Totaal aantal verwerkte orders: 880
Insert uitgevoerd voor order ID 29326
Totaal aantal verwerkte orders: 881
Eerste 1000 orders opgehaald
Insert uitgevoerd voor order ID 29325
Totaal aantal verwerkte orders: 882
Insert uitgevoerd voor order ID 29324
Totaal aantal verwerkte orders: 883
Insert uitgevoerd voor order ID 29322
Totaal aantal verwerkte orders: 884
Insert uitgevoerd voor order ID 29321
Totaal aantal verwerkte orders: 885
Insert uitgevoerd voor order ID 29320
Totaal aantal verwerkte orders: 886
Insert uitgevoerd voor order ID 29319
Totaal aantal verwerkte orders: 887
Insert uitgevoerd voor order ID 29317
Totaal aantal verwerkte orders: 888
Insert uitgevoerd voor order ID 29316
Totaal aantal verwerkte orders: 889
Insert uitgevoerd voor order ID 29315
Totaal aantal verwerkte orders: 890
Insert uitgevoerd voor order ID 29312
Totaal aantal verwerkte orders: 891
Insert uitgevoerd voor order ID 29310
Totaal aantal verwerkte orders: 892
Insert uitgevoerd voor order ID 29309
Totaal aantal verwerkte orders: 893
Insert uitgevoerd voor order ID 29306
Totaal aantal verwerkte orders: 894
Insert uitgevoerd voor order ID 29304
Totaal aantal verwerkte orders: 895
Insert uitgevoerd voor order ID 29303
Totaal aantal verwerkte orders: 896
Insert uitgevoerd voor order ID 29302
Totaal aantal verwerkte orders: 897
Insert uitgevoerd voor order ID 29301
Totaal aantal verwerkte orders: 898
Insert uitgevoerd voor order ID 29300
Totaal aantal verwerkte orders: 899
Insert uitgevoerd voor order ID 29299
Totaal aantal verwerkte orders: 900
Insert uitgevoerd voor order ID 29298
Totaal aantal verwerkte orders: 901
Insert uitgevoerd voor order ID 29297
Totaal aantal verwerkte orders: 902
Insert uitgevoerd voor order ID 29295
Totaal aantal verwerkte orders: 903
Insert uitgevoerd voor order ID 29294
Totaal aantal verwerkte orders: 904
Insert uitgevoerd voor order ID 29293
Totaal aantal verwerkte orders: 905
Insert uitgevoerd voor order ID 29292
Totaal aantal verwerkte orders: 906
Insert uitgevoerd voor order ID 29291
Totaal aantal verwerkte orders: 907
Insert uitgevoerd voor order ID 29290
Totaal aantal verwerkte orders: 908
Insert uitgevoerd voor order ID 29289
Totaal aantal verwerkte orders: 909
Insert uitgevoerd voor order ID 29288
Totaal aantal verwerkte orders: 910
Insert uitgevoerd voor order ID 29287
Totaal aantal verwerkte orders: 911
Insert uitgevoerd voor order ID 29286
Totaal aantal verwerkte orders: 912
Insert uitgevoerd voor order ID 29285
Totaal aantal verwerkte orders: 913
Insert uitgevoerd voor order ID 29283
Totaal aantal verwerkte orders: 914
Insert uitgevoerd voor order ID 29282
Totaal aantal verwerkte orders: 915
Insert uitgevoerd voor order ID 29281
Totaal aantal verwerkte orders: 916
Insert uitgevoerd voor order ID 29280
Totaal aantal verwerkte orders: 917
Insert uitgevoerd voor order ID 29279
Totaal aantal verwerkte orders: 918
Insert uitgevoerd voor order ID 29278
Totaal aantal verwerkte orders: 919
Insert uitgevoerd voor order ID 29277
Totaal aantal verwerkte orders: 920
Insert uitgevoerd voor order ID 29276
Totaal aantal verwerkte orders: 921
Insert uitgevoerd voor order ID 29274
Totaal aantal verwerkte orders: 922
Insert uitgevoerd voor order ID 29273
Totaal aantal verwerkte orders: 923
Insert uitgevoerd voor order ID 29271
Totaal aantal verwerkte orders: 924
Insert uitgevoerd voor order ID 29270
Totaal aantal verwerkte orders: 925
Insert uitgevoerd voor order ID 29269
Totaal aantal verwerkte orders: 926
Insert uitgevoerd voor order ID 29268
Totaal aantal verwerkte orders: 927
Insert uitgevoerd voor order ID 29267
Totaal aantal verwerkte orders: 928
Insert uitgevoerd voor order ID 29265
Totaal aantal verwerkte orders: 929
Insert uitgevoerd voor order ID 29264
Totaal aantal verwerkte orders: 930
Insert uitgevoerd voor order ID 29263
Totaal aantal verwerkte orders: 931
Insert uitgevoerd voor order ID 29262
Totaal aantal verwerkte orders: 932
Insert uitgevoerd voor order ID 29261
Totaal aantal verwerkte orders: 933
Insert uitgevoerd voor order ID 29260
Totaal aantal verwerkte orders: 934
Insert uitgevoerd voor order ID 29259
Totaal aantal verwerkte orders: 935
Insert uitgevoerd voor order ID 29258
Totaal aantal verwerkte orders: 936
Insert uitgevoerd voor order ID 29257
Totaal aantal verwerkte orders: 937
Insert uitgevoerd voor order ID 29256
Totaal aantal verwerkte orders: 938
Insert uitgevoerd voor order ID 29255
Totaal aantal verwerkte orders: 939
Insert uitgevoerd voor order ID 29254
Totaal aantal verwerkte orders: 940
Insert uitgevoerd voor order ID 29253
Totaal aantal verwerkte orders: 941
Insert uitgevoerd voor order ID 29252
Totaal aantal verwerkte orders: 942
Insert uitgevoerd voor order ID 29251
Totaal aantal verwerkte orders: 943
Insert uitgevoerd voor order ID 29250
Totaal aantal verwerkte orders: 944
Insert uitgevoerd voor order ID 29249
Totaal aantal verwerkte orders: 945
Insert uitgevoerd voor order ID 29248
Totaal aantal verwerkte orders: 946
Insert uitgevoerd voor order ID 29246
Totaal aantal verwerkte orders: 947
Insert uitgevoerd voor order ID 29245
Totaal aantal verwerkte orders: 948
Insert uitgevoerd voor order ID 29244
Totaal aantal verwerkte orders: 949
Insert uitgevoerd voor order ID 29243
Totaal aantal verwerkte orders: 950
Insert uitgevoerd voor order ID 29242
Totaal aantal verwerkte orders: 951
Insert uitgevoerd voor order ID 29241
Totaal aantal verwerkte orders: 952
Insert uitgevoerd voor order ID 29239
Totaal aantal verwerkte orders: 953
Insert uitgevoerd voor order ID 29238
Totaal aantal verwerkte orders: 954
Insert uitgevoerd voor order ID 29237
Totaal aantal verwerkte orders: 955
Insert uitgevoerd voor order ID 29236
Totaal aantal verwerkte orders: 956
Insert uitgevoerd voor order ID 29235
Totaal aantal verwerkte orders: 957
Insert uitgevoerd voor order ID 29234
Totaal aantal verwerkte orders: 958
Insert uitgevoerd voor order ID 29233
Totaal aantal verwerkte orders: 959
Insert uitgevoerd voor order ID 29232
Totaal aantal verwerkte orders: 960
Insert uitgevoerd voor order ID 29230
Totaal aantal verwerkte orders: 961
Insert uitgevoerd voor order ID 29229
Totaal aantal verwerkte orders: 962
Insert uitgevoerd voor order ID 29227
Totaal aantal verwerkte orders: 963
Insert uitgevoerd voor order ID 29226
Totaal aantal verwerkte orders: 964
Insert uitgevoerd voor order ID 29225
Totaal aantal verwerkte orders: 965
Insert uitgevoerd voor order ID 29223
Totaal aantal verwerkte orders: 966
Insert uitgevoerd voor order ID 29222
Totaal aantal verwerkte orders: 967
Insert uitgevoerd voor order ID 29221
Totaal aantal verwerkte orders: 968
Insert uitgevoerd voor order ID 29220
Totaal aantal verwerkte orders: 969
Insert uitgevoerd voor order ID 29217
Totaal aantal verwerkte orders: 970
Insert uitgevoerd voor order ID 29216
Totaal aantal verwerkte orders: 971
Insert uitgevoerd voor order ID 29215
Totaal aantal verwerkte orders: 972
Insert uitgevoerd voor order ID 29214
Totaal aantal verwerkte orders: 973
Insert uitgevoerd voor order ID 29213
Totaal aantal verwerkte orders: 974
Insert uitgevoerd voor order ID 29211
Totaal aantal verwerkte orders: 975
Insert uitgevoerd voor order ID 29210
Totaal aantal verwerkte orders: 976
Insert uitgevoerd voor order ID 29209
Totaal aantal verwerkte orders: 977
Insert uitgevoerd voor order ID 29208
Totaal aantal verwerkte orders: 978
Insert uitgevoerd voor order ID 29207
Totaal aantal verwerkte orders: 979
Insert uitgevoerd voor order ID 29206
Totaal aantal verwerkte orders: 980
Insert uitgevoerd voor order ID 29205
Totaal aantal verwerkte orders: 981
Eerste 1100 orders opgehaald
Insert uitgevoerd voor order ID 29204
Totaal aantal verwerkte orders: 982
Insert uitgevoerd voor order ID 29203
Totaal aantal verwerkte orders: 983
Insert uitgevoerd voor order ID 29201
Totaal aantal verwerkte orders: 984
Insert uitgevoerd voor order ID 29200
Totaal aantal verwerkte orders: 985
Insert uitgevoerd voor order ID 29198
Totaal aantal verwerkte orders: 986
Insert uitgevoerd voor order ID 29197
Totaal aantal verwerkte orders: 987
Insert uitgevoerd voor order ID 29195
Totaal aantal verwerkte orders: 988
Insert uitgevoerd voor order ID 29193
Totaal aantal verwerkte orders: 989
Insert uitgevoerd voor order ID 29192
Totaal aantal verwerkte orders: 990
Insert uitgevoerd voor order ID 29191
Totaal aantal verwerkte orders: 991
Insert uitgevoerd voor order ID 29190
Totaal aantal verwerkte orders: 992
Insert uitgevoerd voor order ID 29189
Totaal aantal verwerkte orders: 993
Insert uitgevoerd voor order ID 29188
Totaal aantal verwerkte orders: 994
Insert uitgevoerd voor order ID 29187
Totaal aantal verwerkte orders: 995
Insert uitgevoerd voor order ID 29186
Totaal aantal verwerkte orders: 996
Insert uitgevoerd voor order ID 29185
Totaal aantal verwerkte orders: 997
Insert uitgevoerd voor order ID 29184
Totaal aantal verwerkte orders: 998
Insert uitgevoerd voor order ID 29183
Totaal aantal verwerkte orders: 999
Insert uitgevoerd voor order ID 29182
Totaal aantal verwerkte orders: 1000
Insert uitgevoerd voor order ID 29180
Totaal aantal verwerkte orders: 1001
Insert uitgevoerd voor order ID 29178
Totaal aantal verwerkte orders: 1002
Insert uitgevoerd voor order ID 29177
Totaal aantal verwerkte orders: 1003
Insert uitgevoerd voor order ID 29176
Totaal aantal verwerkte orders: 1004
Insert uitgevoerd voor order ID 29175
Totaal aantal verwerkte orders: 1005
Insert uitgevoerd voor order ID 29174
Totaal aantal verwerkte orders: 1006
Insert uitgevoerd voor order ID 29173
Totaal aantal verwerkte orders: 1007
Insert uitgevoerd voor order ID 29172
Totaal aantal verwerkte orders: 1008
Insert uitgevoerd voor order ID 29171
Totaal aantal verwerkte orders: 1009
Insert uitgevoerd voor order ID 29126
Totaal aantal verwerkte orders: 1010
Insert uitgevoerd voor order ID 29116
Totaal aantal verwerkte orders: 1011
Insert uitgevoerd voor order ID 29112
Totaal aantal verwerkte orders: 1012
Insert uitgevoerd voor order ID 29103
Totaal aantal verwerkte orders: 1013
Insert uitgevoerd voor order ID 29102
Totaal aantal verwerkte orders: 1014
Insert uitgevoerd voor order ID 29097
Totaal aantal verwerkte orders: 1015
Insert uitgevoerd voor order ID 29085
Totaal aantal verwerkte orders: 1016
Insert uitgevoerd voor order ID 29084
Totaal aantal verwerkte orders: 1017
Insert uitgevoerd voor order ID 29077
Totaal aantal verwerkte orders: 1018
Insert uitgevoerd voor order ID 29076
Totaal aantal verwerkte orders: 1019
Insert uitgevoerd voor order ID 29075
Totaal aantal verwerkte orders: 1020
Insert uitgevoerd voor order ID 29071
Totaal aantal verwerkte orders: 1021
Insert uitgevoerd voor order ID 29069
Totaal aantal verwerkte orders: 1022
Insert uitgevoerd voor order ID 29068
Totaal aantal verwerkte orders: 1023
Insert uitgevoerd voor order ID 29067
Totaal aantal verwerkte orders: 1024
Insert uitgevoerd voor order ID 29066
Totaal aantal verwerkte orders: 1025
Insert uitgevoerd voor order ID 29062
Totaal aantal verwerkte orders: 1026
Insert uitgevoerd voor order ID 29061
Totaal aantal verwerkte orders: 1027
Insert uitgevoerd voor order ID 29055
Totaal aantal verwerkte orders: 1028
Insert uitgevoerd voor order ID 29018
Totaal aantal verwerkte orders: 1029
Insert uitgevoerd voor order ID 29014
Totaal aantal verwerkte orders: 1030
Insert uitgevoerd voor order ID 29013
Totaal aantal verwerkte orders: 1031
Insert uitgevoerd voor order ID 29012
Totaal aantal verwerkte orders: 1032
Insert uitgevoerd voor order ID 29010
Totaal aantal verwerkte orders: 1033
Insert uitgevoerd voor order ID 29009
Totaal aantal verwerkte orders: 1034
Insert uitgevoerd voor order ID 29004
Totaal aantal verwerkte orders: 1035
Insert uitgevoerd voor order ID 29001
Totaal aantal verwerkte orders: 1036
Insert uitgevoerd voor order ID 28994
Totaal aantal verwerkte orders: 1037
Insert uitgevoerd voor order ID 28990
Totaal aantal verwerkte orders: 1038
Insert uitgevoerd voor order ID 28989
Totaal aantal verwerkte orders: 1039
Insert uitgevoerd voor order ID 28988
Totaal aantal verwerkte orders: 1040
Insert uitgevoerd voor order ID 28983
Totaal aantal verwerkte orders: 1041
Insert uitgevoerd voor order ID 28982
Totaal aantal verwerkte orders: 1042
Insert uitgevoerd voor order ID 28981
Totaal aantal verwerkte orders: 1043
Insert uitgevoerd voor order ID 28980
Totaal aantal verwerkte orders: 1044
Insert uitgevoerd voor order ID 28979
Totaal aantal verwerkte orders: 1045
Insert uitgevoerd voor order ID 28978
Totaal aantal verwerkte orders: 1046
Insert uitgevoerd voor order ID 28977
Totaal aantal verwerkte orders: 1047
Insert uitgevoerd voor order ID 28974
Totaal aantal verwerkte orders: 1048
Insert uitgevoerd voor order ID 28971
Totaal aantal verwerkte orders: 1049
Insert uitgevoerd voor order ID 28969
Totaal aantal verwerkte orders: 1050
Insert uitgevoerd voor order ID 28967
Totaal aantal verwerkte orders: 1051
Insert uitgevoerd voor order ID 28966
Totaal aantal verwerkte orders: 1052
Insert uitgevoerd voor order ID 28957
Totaal aantal verwerkte orders: 1053
Insert uitgevoerd voor order ID 28946
Totaal aantal verwerkte orders: 1054
Insert uitgevoerd voor order ID 28935
Totaal aantal verwerkte orders: 1055
Insert uitgevoerd voor order ID 28933
Totaal aantal verwerkte orders: 1056
Insert uitgevoerd voor order ID 28928
Totaal aantal verwerkte orders: 1057
Insert uitgevoerd voor order ID 28927
Totaal aantal verwerkte orders: 1058
Insert uitgevoerd voor order ID 28926
Totaal aantal verwerkte orders: 1059
Insert uitgevoerd voor order ID 28925
Totaal aantal verwerkte orders: 1060
Insert uitgevoerd voor order ID 28924
Totaal aantal verwerkte orders: 1061
Insert uitgevoerd voor order ID 28923
Totaal aantal verwerkte orders: 1062
Insert uitgevoerd voor order ID 28922
Totaal aantal verwerkte orders: 1063
Insert uitgevoerd voor order ID 28921
Totaal aantal verwerkte orders: 1064
Insert uitgevoerd voor order ID 28920
Totaal aantal verwerkte orders: 1065
Insert uitgevoerd voor order ID 28919
Totaal aantal verwerkte orders: 1066
Insert uitgevoerd voor order ID 28918
Totaal aantal verwerkte orders: 1067
Insert uitgevoerd voor order ID 28917
Totaal aantal verwerkte orders: 1068
Insert uitgevoerd voor order ID 28916
Totaal aantal verwerkte orders: 1069
Insert uitgevoerd voor order ID 28911
Totaal aantal verwerkte orders: 1070
Insert uitgevoerd voor order ID 28907
Totaal aantal verwerkte orders: 1071
Insert uitgevoerd voor order ID 28906
Totaal aantal verwerkte orders: 1072
Insert uitgevoerd voor order ID 28905
Totaal aantal verwerkte orders: 1073
Insert uitgevoerd voor order ID 28903
Totaal aantal verwerkte orders: 1074
Insert uitgevoerd voor order ID 28902
Totaal aantal verwerkte orders: 1075
Insert uitgevoerd voor order ID 28900
Totaal aantal verwerkte orders: 1076
Insert uitgevoerd voor order ID 28893
Totaal aantal verwerkte orders: 1077
Insert uitgevoerd voor order ID 28880
Totaal aantal verwerkte orders: 1078
Insert uitgevoerd voor order ID 28879
Totaal aantal verwerkte orders: 1079
Eerste 1200 orders opgehaald
Insert uitgevoerd voor order ID 28872
Totaal aantal verwerkte orders: 1080
Insert uitgevoerd voor order ID 28871
Totaal aantal verwerkte orders: 1081
Insert uitgevoerd voor order ID 28870
Totaal aantal verwerkte orders: 1082
Insert uitgevoerd voor order ID 28868
Totaal aantal verwerkte orders: 1083
Insert uitgevoerd voor order ID 28867
Totaal aantal verwerkte orders: 1084
Traceback (most recent call last):
  File "/Users/maxrood/werk/codering/aardg/projecten/woocommerce/full_data_transfer/order_main.py", line 107, in <module>
    main()
  File "/Users/maxrood/werk/codering/aardg/projecten/woocommerce/full_data_transfer/order_main.py", line 84, in main
    insert_order_into_bigquery(
  File "/Users/maxrood/werk/codering/aardg/projecten/woocommerce/full_data_transfer/modules/bigquery_transfer.py", line 185, in insert_order_into_bigquery
    query_job.result()  # Wacht tot de query is voltooid
    ^^^^^^^^^^^^^^^^^^
  File "/Users/maxrood/werk/greit/klanten/stiek/.venv/lib/python3.11/site-packages/google/cloud/bigquery/job/query.py", line 1681, in result
    while not is_job_done():
              ^^^^^^^^^^^^^
  File "/Users/maxrood/werk/greit/klanten/stiek/.venv/lib/python3.11/site-packages/google/api_core/retry/retry_unary.py", line 293, in retry_wrapped_func
    return retry_target(
           ^^^^^^^^^^^^^
  File "/Users/maxrood/werk/greit/klanten/stiek/.venv/lib/python3.11/site-packages/google/api_core/retry/retry_unary.py", line 144, in retry_target
    result = target()
             ^^^^^^^^
  File "/Users/maxrood/werk/greit/klanten/stiek/.venv/lib/python3.11/site-packages/google/cloud/bigquery/job/query.py", line 1650, in is_job_done
    self._reload_query_results(retry=retry, **reload_query_results_kwargs)
  File "/Users/maxrood/werk/greit/klanten/stiek/.venv/lib/python3.11/site-packages/google/cloud/bigquery/job/query.py", line 1448, in _reload_query_results
    self._query_results = self._client._get_query_results(
                          ^^^^^^^^^^^^^^^^^^^^^^^^^^^^^^^^
  File "/Users/maxrood/werk/greit/klanten/stiek/.venv/lib/python3.11/site-packages/google/cloud/bigquery/client.py", line 2028, in _get_query_results
    resource = self._call_api(
               ^^^^^^^^^^^^^^^
  File "/Users/maxrood/werk/greit/klanten/stiek/.venv/lib/python3.11/site-packages/google/cloud/bigquery/client.py", line 837, in _call_api
    return call()
           ^^^^^^
  File "/Users/maxrood/werk/greit/klanten/stiek/.venv/lib/python3.11/site-packages/google/api_core/retry/retry_unary.py", line 293, in retry_wrapped_func
    return retry_target(
           ^^^^^^^^^^^^^
  File "/Users/maxrood/werk/greit/klanten/stiek/.venv/lib/python3.11/site-packages/google/api_core/retry/retry_unary.py", line 144, in retry_target
    result = target()
             ^^^^^^^^
  File "/Users/maxrood/werk/greit/klanten/stiek/.venv/lib/python3.11/site-packages/google/cloud/_http/__init__.py", line 482, in api_request
    response = self._make_request(
               ^^^^^^^^^^^^^^^^^^^
  File "/Users/maxrood/werk/greit/klanten/stiek/.venv/lib/python3.11/site-packages/google/cloud/_http/__init__.py", line 341, in _make_request
    return self._do_request(
           ^^^^^^^^^^^^^^^^^
  File "/Users/maxrood/werk/greit/klanten/stiek/.venv/lib/python3.11/site-packages/google/cloud/_http/__init__.py", line 379, in _do_request
    return self.http.request(
           ^^^^^^^^^^^^^^^^^^
  File "/Users/maxrood/werk/greit/klanten/stiek/.venv/lib/python3.11/site-packages/google/auth/transport/requests.py", line 537, in request
    response = super(AuthorizedSession, self).request(
               ^^^^^^^^^^^^^^^^^^^^^^^^^^^^^^^^^^^^^^^
  File "/Users/maxrood/werk/greit/klanten/stiek/.venv/lib/python3.11/site-packages/requests/sessions.py", line 589, in request
    resp = self.send(prep, **send_kwargs)
           ^^^^^^^^^^^^^^^^^^^^^^^^^^^^^^
  File "/Users/maxrood/werk/greit/klanten/stiek/.venv/lib/python3.11/site-packages/requests/sessions.py", line 703, in send
    r = adapter.send(request, **kwargs)
        ^^^^^^^^^^^^^^^^^^^^^^^^^^^^^^^
  File "/Users/maxrood/werk/greit/klanten/stiek/.venv/lib/python3.11/site-packages/requests/adapters.py", line 667, in send
    resp = conn.urlopen(
           ^^^^^^^^^^^^^
  File "/Users/maxrood/werk/greit/klanten/stiek/.venv/lib/python3.11/site-packages/urllib3/connectionpool.py", line 789, in urlopen
    response = self._make_request(
               ^^^^^^^^^^^^^^^^^^^
  File "/Users/maxrood/werk/greit/klanten/stiek/.venv/lib/python3.11/site-packages/urllib3/connectionpool.py", line 536, in _make_request
    response = conn.getresponse()
               ^^^^^^^^^^^^^^^^^^
  File "/Users/maxrood/werk/greit/klanten/stiek/.venv/lib/python3.11/site-packages/urllib3/connection.py", line 507, in getresponse
    httplib_response = super().getresponse()
                       ^^^^^^^^^^^^^^^^^^^^^
  File "/Library/Frameworks/Python.framework/Versions/3.11/lib/python3.11/http/client.py", line 1378, in getresponse
    response.begin()
  File "/Library/Frameworks/Python.framework/Versions/3.11/lib/python3.11/http/client.py", line 318, in begin
    version, status, reason = self._read_status()
                              ^^^^^^^^^^^^^^^^^^^
  File "/Library/Frameworks/Python.framework/Versions/3.11/lib/python3.11/http/client.py", line 279, in _read_status
    line = str(self.fp.readline(_MAXLINE + 1), "iso-8859-1")
               ^^^^^^^^^^^^^^^^^^^^^^^^^^^^^^
  File "/Library/Frameworks/Python.framework/Versions/3.11/lib/python3.11/socket.py", line 706, in readinto
    return self._sock.recv_into(b)
           ^^^^^^^^^^^^^^^^^^^^^^^
  File "/Library/Frameworks/Python.framework/Versions/3.11/lib/python3.11/ssl.py", line 1278, in recv_into
    return self.read(nbytes, buffer)
           ^^^^^^^^^^^^^^^^^^^^^^^^^
  File "/Library/Frameworks/Python.framework/Versions/3.11/lib/python3.11/ssl.py", line 1134, in read
    return self._sslobj.read(len, buffer)
           ^^^^^^^^^^^^^^^^^^^^^^^^^^^^^^
KeyboardInterrupt
